[2022-05-06 11:17:00,200] {taskinstance.py:1032} INFO - Dependencies all met for <TaskInstance: parallel_dag.task_4 scheduled__2022-05-04T00:00:00+00:00 [queued]>
[2022-05-06 11:17:00,203] {taskinstance.py:1032} INFO - Dependencies all met for <TaskInstance: parallel_dag.task_4 scheduled__2022-05-04T00:00:00+00:00 [queued]>
[2022-05-06 11:17:00,204] {taskinstance.py:1238} INFO - 
--------------------------------------------------------------------------------
[2022-05-06 11:17:00,204] {taskinstance.py:1239} INFO - Starting attempt 1 of 1
[2022-05-06 11:17:00,204] {taskinstance.py:1240} INFO - 
--------------------------------------------------------------------------------
[2022-05-06 11:17:00,211] {taskinstance.py:1259} INFO - Executing <Task(BashOperator): task_4> on 2022-05-04 00:00:00+00:00
[2022-05-06 11:17:00,212] {standard_task_runner.py:52} INFO - Started process 1464990 to run task
[2022-05-06 11:17:00,214] {standard_task_runner.py:76} INFO - Running: ['airflow', 'tasks', 'run', 'parallel_dag', 'task_4', 'scheduled__2022-05-04T00:00:00+00:00', '--job-id', '41', '--raw', '--subdir', '/home/sanjeev/Documents/SubDAGs/dags/paralle_processing.py', '--cfg-path', '/tmp/tmp5a996wav', '--error-file', '/tmp/tmpapawa8wt']
[2022-05-06 11:17:00,214] {standard_task_runner.py:77} INFO - Job 41: Subtask task_4
[2022-05-06 11:17:00,244] {logging_mixin.py:109} INFO - Running <TaskInstance: parallel_dag.task_4 scheduled__2022-05-04T00:00:00+00:00 [running]> on host kumar
[2022-05-06 11:17:00,285] {taskinstance.py:1424} INFO - Exporting the following env vars:
AIRFLOW_CTX_DAG_OWNER=airflow
AIRFLOW_CTX_DAG_ID=parallel_dag
AIRFLOW_CTX_TASK_ID=task_4
AIRFLOW_CTX_EXECUTION_DATE=2022-05-04T00:00:00+00:00
AIRFLOW_CTX_DAG_RUN_ID=scheduled__2022-05-04T00:00:00+00:00
[2022-05-06 11:17:00,285] {subprocess.py:62} INFO - Tmp dir root location: 
 /tmp
[2022-05-06 11:17:00,286] {subprocess.py:74} INFO - Running command: ['bash', '-c', 'sleep 4']
[2022-05-06 11:17:00,289] {subprocess.py:85} INFO - Output:
[2022-05-06 11:17:04,290] {subprocess.py:93} INFO - Command exited with return code 0
[2022-05-06 11:17:04,326] {taskinstance.py:1267} INFO - Marking task as SUCCESS. dag_id=parallel_dag, task_id=task_4, execution_date=20220504T000000, start_date=20220506T054700, end_date=20220506T054704
[2022-05-06 11:17:04,362] {local_task_job.py:154} INFO - Task exited with return code 0
[2022-05-06 11:17:04,375] {local_task_job.py:264} INFO - 0 downstream tasks scheduled from follow-on schedule check
[2022-05-06 11:31:37,631] {taskinstance.py:1032} INFO - Dependencies all met for <TaskInstance: parallel_dag.task_4 scheduled__2022-05-04T00:00:00+00:00 [queued]>
[2022-05-06 11:31:37,646] {taskinstance.py:1032} INFO - Dependencies all met for <TaskInstance: parallel_dag.task_4 scheduled__2022-05-04T00:00:00+00:00 [queued]>
[2022-05-06 11:31:37,646] {taskinstance.py:1238} INFO - 
--------------------------------------------------------------------------------
[2022-05-06 11:31:37,646] {taskinstance.py:1239} INFO - Starting attempt 1 of 1
[2022-05-06 11:31:37,646] {taskinstance.py:1240} INFO - 
--------------------------------------------------------------------------------
[2022-05-06 11:31:37,667] {taskinstance.py:1259} INFO - Executing <Task(BashOperator): task_4> on 2022-05-04 00:00:00+00:00
[2022-05-06 11:31:37,670] {standard_task_runner.py:52} INFO - Started process 1469308 to run task
[2022-05-06 11:31:37,688] {standard_task_runner.py:76} INFO - Running: ['airflow', 'tasks', 'run', 'parallel_dag', 'task_4', 'scheduled__2022-05-04T00:00:00+00:00', '--job-id', '31', '--raw', '--subdir', '/home/sanjeev/Documents/SubDAGs/dags/paralle_processing.py', '--cfg-path', '/tmp/tmpbuqvgx12', '--error-file', '/tmp/tmp57_1ty7x']
[2022-05-06 11:31:37,690] {standard_task_runner.py:77} INFO - Job 31: Subtask task_4
[2022-05-06 11:31:37,839] {logging_mixin.py:109} INFO - Running <TaskInstance: parallel_dag.task_4 scheduled__2022-05-04T00:00:00+00:00 [running]> on host kumar
[2022-05-06 11:31:37,983] {taskinstance.py:1424} INFO - Exporting the following env vars:
AIRFLOW_CTX_DAG_OWNER=airflow
AIRFLOW_CTX_DAG_ID=parallel_dag
AIRFLOW_CTX_TASK_ID=task_4
AIRFLOW_CTX_EXECUTION_DATE=2022-05-04T00:00:00+00:00
AIRFLOW_CTX_DAG_RUN_ID=scheduled__2022-05-04T00:00:00+00:00
[2022-05-06 11:31:37,984] {subprocess.py:62} INFO - Tmp dir root location: 
 /tmp
[2022-05-06 11:31:37,984] {subprocess.py:74} INFO - Running command: ['bash', '-c', 'sleep 4']
[2022-05-06 11:31:37,993] {subprocess.py:85} INFO - Output:
[2022-05-06 11:31:41,997] {subprocess.py:93} INFO - Command exited with return code 0
[2022-05-06 11:31:42,094] {taskinstance.py:1267} INFO - Marking task as SUCCESS. dag_id=parallel_dag, task_id=task_4, execution_date=20220504T000000, start_date=20220506T060137, end_date=20220506T060142
[2022-05-06 11:31:42,153] {local_task_job.py:154} INFO - Task exited with return code 0
[2022-05-06 11:31:42,241] {local_task_job.py:264} INFO - 0 downstream tasks scheduled from follow-on schedule check
