[2022-05-06 11:16:20,741] {taskinstance.py:1032} INFO - Dependencies all met for <TaskInstance: parallel_dag.task_2 scheduled__2022-05-04T00:00:00+00:00 [queued]>
[2022-05-06 11:16:20,745] {taskinstance.py:1032} INFO - Dependencies all met for <TaskInstance: parallel_dag.task_2 scheduled__2022-05-04T00:00:00+00:00 [queued]>
[2022-05-06 11:16:20,745] {taskinstance.py:1238} INFO - 
--------------------------------------------------------------------------------
[2022-05-06 11:16:20,745] {taskinstance.py:1239} INFO - Starting attempt 1 of 1
[2022-05-06 11:16:20,745] {taskinstance.py:1240} INFO - 
--------------------------------------------------------------------------------
[2022-05-06 11:16:20,751] {taskinstance.py:1259} INFO - Executing <Task(BashOperator): task_2> on 2022-05-04 00:00:00+00:00
[2022-05-06 11:16:20,753] {standard_task_runner.py:52} INFO - Started process 1464903 to run task
[2022-05-06 11:16:20,754] {standard_task_runner.py:76} INFO - Running: ['airflow', 'tasks', 'run', 'parallel_dag', 'task_2', 'scheduled__2022-05-04T00:00:00+00:00', '--job-id', '34', '--raw', '--subdir', '/home/sanjeev/Documents/SubDAGs/dags/paralle_processing.py', '--cfg-path', '/tmp/tmpkewsnttm', '--error-file', '/tmp/tmperartbqg']
[2022-05-06 11:16:20,755] {standard_task_runner.py:77} INFO - Job 34: Subtask task_2
[2022-05-06 11:16:20,784] {logging_mixin.py:109} INFO - Running <TaskInstance: parallel_dag.task_2 scheduled__2022-05-04T00:00:00+00:00 [running]> on host kumar
[2022-05-06 11:16:20,822] {taskinstance.py:1424} INFO - Exporting the following env vars:
AIRFLOW_CTX_DAG_OWNER=airflow
AIRFLOW_CTX_DAG_ID=parallel_dag
AIRFLOW_CTX_TASK_ID=task_2
AIRFLOW_CTX_EXECUTION_DATE=2022-05-04T00:00:00+00:00
AIRFLOW_CTX_DAG_RUN_ID=scheduled__2022-05-04T00:00:00+00:00
[2022-05-06 11:16:20,823] {subprocess.py:62} INFO - Tmp dir root location: 
 /tmp
[2022-05-06 11:16:20,824] {subprocess.py:74} INFO - Running command: ['bash', '-c', 'sleep 4']
[2022-05-06 11:16:20,830] {subprocess.py:85} INFO - Output:
[2022-05-06 11:16:24,833] {subprocess.py:93} INFO - Command exited with return code 0
[2022-05-06 11:16:24,864] {taskinstance.py:1267} INFO - Marking task as SUCCESS. dag_id=parallel_dag, task_id=task_2, execution_date=20220504T000000, start_date=20220506T054620, end_date=20220506T054624
[2022-05-06 11:16:24,903] {local_task_job.py:154} INFO - Task exited with return code 0
[2022-05-06 11:16:24,920] {local_task_job.py:264} INFO - 1 downstream tasks scheduled from follow-on schedule check
[2022-05-06 11:31:31,558] {taskinstance.py:1032} INFO - Dependencies all met for <TaskInstance: parallel_dag.task_2 scheduled__2022-05-04T00:00:00+00:00 [queued]>
[2022-05-06 11:31:31,578] {taskinstance.py:1032} INFO - Dependencies all met for <TaskInstance: parallel_dag.task_2 scheduled__2022-05-04T00:00:00+00:00 [queued]>
[2022-05-06 11:31:31,578] {taskinstance.py:1238} INFO - 
--------------------------------------------------------------------------------
[2022-05-06 11:31:31,578] {taskinstance.py:1239} INFO - Starting attempt 1 of 1
[2022-05-06 11:31:31,578] {taskinstance.py:1240} INFO - 
--------------------------------------------------------------------------------
[2022-05-06 11:31:31,600] {taskinstance.py:1259} INFO - Executing <Task(BashOperator): task_2> on 2022-05-04 00:00:00+00:00
[2022-05-06 11:31:31,612] {standard_task_runner.py:52} INFO - Started process 1468642 to run task
[2022-05-06 11:31:31,637] {standard_task_runner.py:76} INFO - Running: ['airflow', 'tasks', 'run', 'parallel_dag', 'task_2', 'scheduled__2022-05-04T00:00:00+00:00', '--job-id', '22', '--raw', '--subdir', '/home/sanjeev/Documents/SubDAGs/dags/paralle_processing.py', '--cfg-path', '/tmp/tmpzcqz8umx', '--error-file', '/tmp/tmpf4799nrh']
[2022-05-06 11:31:31,639] {standard_task_runner.py:77} INFO - Job 22: Subtask task_2
[2022-05-06 11:31:31,830] {logging_mixin.py:109} INFO - Running <TaskInstance: parallel_dag.task_2 scheduled__2022-05-04T00:00:00+00:00 [running]> on host kumar
[2022-05-06 11:31:31,987] {taskinstance.py:1424} INFO - Exporting the following env vars:
AIRFLOW_CTX_DAG_OWNER=airflow
AIRFLOW_CTX_DAG_ID=parallel_dag
AIRFLOW_CTX_TASK_ID=task_2
AIRFLOW_CTX_EXECUTION_DATE=2022-05-04T00:00:00+00:00
AIRFLOW_CTX_DAG_RUN_ID=scheduled__2022-05-04T00:00:00+00:00
[2022-05-06 11:31:31,989] {subprocess.py:62} INFO - Tmp dir root location: 
 /tmp
[2022-05-06 11:31:31,990] {subprocess.py:74} INFO - Running command: ['bash', '-c', 'sleep 4']
[2022-05-06 11:31:32,005] {subprocess.py:85} INFO - Output:
[2022-05-06 11:31:36,008] {subprocess.py:93} INFO - Command exited with return code 0
[2022-05-06 11:31:36,084] {taskinstance.py:1267} INFO - Marking task as SUCCESS. dag_id=parallel_dag, task_id=task_2, execution_date=20220504T000000, start_date=20220506T060131, end_date=20220506T060136
[2022-05-06 11:31:36,187] {local_task_job.py:154} INFO - Task exited with return code 0
[2022-05-06 11:31:36,297] {local_task_job.py:264} INFO - 0 downstream tasks scheduled from follow-on schedule check
