[2022-05-06 11:13:16,300] {taskinstance.py:1032} INFO - Dependencies all met for <TaskInstance: parallel_dag.task_3 scheduled__2022-04-28T00:00:00+00:00 [queued]>
[2022-05-06 11:13:16,310] {taskinstance.py:1032} INFO - Dependencies all met for <TaskInstance: parallel_dag.task_3 scheduled__2022-04-28T00:00:00+00:00 [queued]>
[2022-05-06 11:13:16,310] {taskinstance.py:1238} INFO - 
--------------------------------------------------------------------------------
[2022-05-06 11:13:16,310] {taskinstance.py:1239} INFO - Starting attempt 1 of 1
[2022-05-06 11:13:16,310] {taskinstance.py:1240} INFO - 
--------------------------------------------------------------------------------
[2022-05-06 11:13:16,324] {taskinstance.py:1259} INFO - Executing <Task(BashOperator): task_3> on 2022-04-28 00:00:00+00:00
[2022-05-06 11:13:16,327] {standard_task_runner.py:52} INFO - Started process 1464570 to run task
[2022-05-06 11:13:16,329] {standard_task_runner.py:76} INFO - Running: ['airflow', 'tasks', 'run', 'parallel_dag', 'task_3', 'scheduled__2022-04-28T00:00:00+00:00', '--job-id', '5', '--raw', '--subdir', '/home/sanjeev/Documents/SubDAGs/dags/paralle_processing.py', '--cfg-path', '/tmp/tmpg7lsj3mx', '--error-file', '/tmp/tmp7rt1c1qm']
[2022-05-06 11:13:16,329] {standard_task_runner.py:77} INFO - Job 5: Subtask task_3
[2022-05-06 11:13:16,358] {logging_mixin.py:109} INFO - Running <TaskInstance: parallel_dag.task_3 scheduled__2022-04-28T00:00:00+00:00 [running]> on host kumar
[2022-05-06 11:13:16,406] {taskinstance.py:1424} INFO - Exporting the following env vars:
AIRFLOW_CTX_DAG_OWNER=airflow
AIRFLOW_CTX_DAG_ID=parallel_dag
AIRFLOW_CTX_TASK_ID=task_3
AIRFLOW_CTX_EXECUTION_DATE=2022-04-28T00:00:00+00:00
AIRFLOW_CTX_DAG_RUN_ID=scheduled__2022-04-28T00:00:00+00:00
[2022-05-06 11:13:16,406] {subprocess.py:62} INFO - Tmp dir root location: 
 /tmp
[2022-05-06 11:13:16,407] {subprocess.py:74} INFO - Running command: ['bash', '-c', 'sleep 5']
[2022-05-06 11:13:16,410] {subprocess.py:85} INFO - Output:
[2022-05-06 11:13:21,411] {subprocess.py:93} INFO - Command exited with return code 0
[2022-05-06 11:13:21,425] {taskinstance.py:1267} INFO - Marking task as SUCCESS. dag_id=parallel_dag, task_id=task_3, execution_date=20220428T000000, start_date=20220506T054316, end_date=20220506T054321
[2022-05-06 11:13:21,453] {local_task_job.py:154} INFO - Task exited with return code 0
[2022-05-06 11:13:21,459] {local_task_job.py:264} INFO - 0 downstream tasks scheduled from follow-on schedule check
[2022-05-06 11:31:29,567] {taskinstance.py:1032} INFO - Dependencies all met for <TaskInstance: parallel_dag.task_3 scheduled__2022-04-28T00:00:00+00:00 [queued]>
[2022-05-06 11:31:29,592] {taskinstance.py:1032} INFO - Dependencies all met for <TaskInstance: parallel_dag.task_3 scheduled__2022-04-28T00:00:00+00:00 [queued]>
[2022-05-06 11:31:29,593] {taskinstance.py:1238} INFO - 
--------------------------------------------------------------------------------
[2022-05-06 11:31:29,593] {taskinstance.py:1239} INFO - Starting attempt 1 of 1
[2022-05-06 11:31:29,593] {taskinstance.py:1240} INFO - 
--------------------------------------------------------------------------------
[2022-05-06 11:31:29,619] {taskinstance.py:1259} INFO - Executing <Task(BashOperator): task_3> on 2022-04-28 00:00:00+00:00
[2022-05-06 11:31:29,627] {standard_task_runner.py:52} INFO - Started process 1468389 to run task
[2022-05-06 11:31:29,637] {standard_task_runner.py:76} INFO - Running: ['airflow', 'tasks', 'run', 'parallel_dag', 'task_3', 'scheduled__2022-04-28T00:00:00+00:00', '--job-id', '10', '--raw', '--subdir', '/home/sanjeev/Documents/SubDAGs/dags/paralle_processing.py', '--cfg-path', '/tmp/tmpkixmn3dg', '--error-file', '/tmp/tmpd6tm9gq4']
[2022-05-06 11:31:29,642] {standard_task_runner.py:77} INFO - Job 10: Subtask task_3
[2022-05-06 11:31:29,829] {logging_mixin.py:109} INFO - Running <TaskInstance: parallel_dag.task_3 scheduled__2022-04-28T00:00:00+00:00 [running]> on host kumar
[2022-05-06 11:31:30,002] {taskinstance.py:1424} INFO - Exporting the following env vars:
AIRFLOW_CTX_DAG_OWNER=airflow
AIRFLOW_CTX_DAG_ID=parallel_dag
AIRFLOW_CTX_TASK_ID=task_3
AIRFLOW_CTX_EXECUTION_DATE=2022-04-28T00:00:00+00:00
AIRFLOW_CTX_DAG_RUN_ID=scheduled__2022-04-28T00:00:00+00:00
[2022-05-06 11:31:30,003] {subprocess.py:62} INFO - Tmp dir root location: 
 /tmp
[2022-05-06 11:31:30,003] {subprocess.py:74} INFO - Running command: ['bash', '-c', 'sleep 5']
[2022-05-06 11:31:30,032] {subprocess.py:85} INFO - Output:
[2022-05-06 11:31:35,034] {subprocess.py:93} INFO - Command exited with return code 0
[2022-05-06 11:31:35,072] {taskinstance.py:1267} INFO - Marking task as SUCCESS. dag_id=parallel_dag, task_id=task_3, execution_date=20220428T000000, start_date=20220506T060129, end_date=20220506T060135
[2022-05-06 11:31:35,112] {local_task_job.py:154} INFO - Task exited with return code 0
[2022-05-06 11:31:35,157] {local_task_job.py:264} INFO - 1 downstream tasks scheduled from follow-on schedule check
