[2022-05-06 11:16:54,009] {taskinstance.py:1032} INFO - Dependencies all met for <TaskInstance: parallel_dag.task_3 scheduled__2022-05-05T00:00:00+00:00 [queued]>
[2022-05-06 11:16:54,021] {taskinstance.py:1032} INFO - Dependencies all met for <TaskInstance: parallel_dag.task_3 scheduled__2022-05-05T00:00:00+00:00 [queued]>
[2022-05-06 11:16:54,021] {taskinstance.py:1238} INFO - 
--------------------------------------------------------------------------------
[2022-05-06 11:16:54,021] {taskinstance.py:1239} INFO - Starting attempt 1 of 1
[2022-05-06 11:16:54,021] {taskinstance.py:1240} INFO - 
--------------------------------------------------------------------------------
[2022-05-06 11:16:54,031] {taskinstance.py:1259} INFO - Executing <Task(BashOperator): task_3> on 2022-05-05 00:00:00+00:00
[2022-05-06 11:16:54,034] {standard_task_runner.py:52} INFO - Started process 1464980 to run task
[2022-05-06 11:16:54,037] {standard_task_runner.py:76} INFO - Running: ['airflow', 'tasks', 'run', 'parallel_dag', 'task_3', 'scheduled__2022-05-05T00:00:00+00:00', '--job-id', '40', '--raw', '--subdir', '/home/sanjeev/Documents/SubDAGs/dags/paralle_processing.py', '--cfg-path', '/tmp/tmp3uoy6ndk', '--error-file', '/tmp/tmp4_6_4lpk']
[2022-05-06 11:16:54,037] {standard_task_runner.py:77} INFO - Job 40: Subtask task_3
[2022-05-06 11:16:54,068] {logging_mixin.py:109} INFO - Running <TaskInstance: parallel_dag.task_3 scheduled__2022-05-05T00:00:00+00:00 [running]> on host kumar
[2022-05-06 11:16:54,100] {taskinstance.py:1424} INFO - Exporting the following env vars:
AIRFLOW_CTX_DAG_OWNER=airflow
AIRFLOW_CTX_DAG_ID=parallel_dag
AIRFLOW_CTX_TASK_ID=task_3
AIRFLOW_CTX_EXECUTION_DATE=2022-05-05T00:00:00+00:00
AIRFLOW_CTX_DAG_RUN_ID=scheduled__2022-05-05T00:00:00+00:00
[2022-05-06 11:16:54,101] {subprocess.py:62} INFO - Tmp dir root location: 
 /tmp
[2022-05-06 11:16:54,101] {subprocess.py:74} INFO - Running command: ['bash', '-c', 'sleep 5']
[2022-05-06 11:16:54,104] {subprocess.py:85} INFO - Output:
[2022-05-06 11:16:59,105] {subprocess.py:93} INFO - Command exited with return code 0
[2022-05-06 11:16:59,141] {taskinstance.py:1267} INFO - Marking task as SUCCESS. dag_id=parallel_dag, task_id=task_3, execution_date=20220505T000000, start_date=20220506T054654, end_date=20220506T054659
[2022-05-06 11:16:59,183] {local_task_job.py:154} INFO - Task exited with return code 0
[2022-05-06 11:16:59,217] {local_task_job.py:264} INFO - 1 downstream tasks scheduled from follow-on schedule check
[2022-05-06 11:31:32,010] {taskinstance.py:1032} INFO - Dependencies all met for <TaskInstance: parallel_dag.task_3 scheduled__2022-05-05T00:00:00+00:00 [queued]>
[2022-05-06 11:31:32,024] {taskinstance.py:1032} INFO - Dependencies all met for <TaskInstance: parallel_dag.task_3 scheduled__2022-05-05T00:00:00+00:00 [queued]>
[2022-05-06 11:31:32,024] {taskinstance.py:1238} INFO - 
--------------------------------------------------------------------------------
[2022-05-06 11:31:32,024] {taskinstance.py:1239} INFO - Starting attempt 1 of 1
[2022-05-06 11:31:32,024] {taskinstance.py:1240} INFO - 
--------------------------------------------------------------------------------
[2022-05-06 11:31:32,034] {taskinstance.py:1259} INFO - Executing <Task(BashOperator): task_3> on 2022-05-05 00:00:00+00:00
[2022-05-06 11:31:32,036] {standard_task_runner.py:52} INFO - Started process 1468697 to run task
[2022-05-06 11:31:32,040] {standard_task_runner.py:76} INFO - Running: ['airflow', 'tasks', 'run', 'parallel_dag', 'task_3', 'scheduled__2022-05-05T00:00:00+00:00', '--job-id', '25', '--raw', '--subdir', '/home/sanjeev/Documents/SubDAGs/dags/paralle_processing.py', '--cfg-path', '/tmp/tmp0krnnr63', '--error-file', '/tmp/tmp238xtyj6']
[2022-05-06 11:31:32,041] {standard_task_runner.py:77} INFO - Job 25: Subtask task_3
[2022-05-06 11:31:32,124] {logging_mixin.py:109} INFO - Running <TaskInstance: parallel_dag.task_3 scheduled__2022-05-05T00:00:00+00:00 [running]> on host kumar
[2022-05-06 11:31:32,200] {taskinstance.py:1424} INFO - Exporting the following env vars:
AIRFLOW_CTX_DAG_OWNER=airflow
AIRFLOW_CTX_DAG_ID=parallel_dag
AIRFLOW_CTX_TASK_ID=task_3
AIRFLOW_CTX_EXECUTION_DATE=2022-05-05T00:00:00+00:00
AIRFLOW_CTX_DAG_RUN_ID=scheduled__2022-05-05T00:00:00+00:00
[2022-05-06 11:31:32,200] {subprocess.py:62} INFO - Tmp dir root location: 
 /tmp
[2022-05-06 11:31:32,200] {subprocess.py:74} INFO - Running command: ['bash', '-c', 'sleep 5']
[2022-05-06 11:31:32,206] {subprocess.py:85} INFO - Output:
[2022-05-06 11:31:37,208] {subprocess.py:93} INFO - Command exited with return code 0
[2022-05-06 11:31:37,258] {taskinstance.py:1267} INFO - Marking task as SUCCESS. dag_id=parallel_dag, task_id=task_3, execution_date=20220505T000000, start_date=20220506T060132, end_date=20220506T060137
[2022-05-06 11:31:37,307] {local_task_job.py:154} INFO - Task exited with return code 0
[2022-05-06 11:31:37,510] {local_task_job.py:264} INFO - 0 downstream tasks scheduled from follow-on schedule check
