[2022-05-06 11:13:22,563] {taskinstance.py:1032} INFO - Dependencies all met for <TaskInstance: parallel_dag.task_4 scheduled__2022-04-28T00:00:00+00:00 [queued]>
[2022-05-06 11:13:22,575] {taskinstance.py:1032} INFO - Dependencies all met for <TaskInstance: parallel_dag.task_4 scheduled__2022-04-28T00:00:00+00:00 [queued]>
[2022-05-06 11:13:22,575] {taskinstance.py:1238} INFO - 
--------------------------------------------------------------------------------
[2022-05-06 11:13:22,576] {taskinstance.py:1239} INFO - Starting attempt 1 of 1
[2022-05-06 11:13:22,576] {taskinstance.py:1240} INFO - 
--------------------------------------------------------------------------------
[2022-05-06 11:13:22,588] {taskinstance.py:1259} INFO - Executing <Task(BashOperator): task_4> on 2022-04-28 00:00:00+00:00
[2022-05-06 11:13:22,590] {standard_task_runner.py:52} INFO - Started process 1464580 to run task
[2022-05-06 11:13:22,592] {standard_task_runner.py:76} INFO - Running: ['airflow', 'tasks', 'run', 'parallel_dag', 'task_4', 'scheduled__2022-04-28T00:00:00+00:00', '--job-id', '6', '--raw', '--subdir', '/home/sanjeev/Documents/SubDAGs/dags/paralle_processing.py', '--cfg-path', '/tmp/tmp_3j19qax', '--error-file', '/tmp/tmpqj8hicin']
[2022-05-06 11:13:22,593] {standard_task_runner.py:77} INFO - Job 6: Subtask task_4
[2022-05-06 11:13:22,620] {logging_mixin.py:109} INFO - Running <TaskInstance: parallel_dag.task_4 scheduled__2022-04-28T00:00:00+00:00 [running]> on host kumar
[2022-05-06 11:13:22,652] {taskinstance.py:1424} INFO - Exporting the following env vars:
AIRFLOW_CTX_DAG_OWNER=airflow
AIRFLOW_CTX_DAG_ID=parallel_dag
AIRFLOW_CTX_TASK_ID=task_4
AIRFLOW_CTX_EXECUTION_DATE=2022-04-28T00:00:00+00:00
AIRFLOW_CTX_DAG_RUN_ID=scheduled__2022-04-28T00:00:00+00:00
[2022-05-06 11:13:22,652] {subprocess.py:62} INFO - Tmp dir root location: 
 /tmp
[2022-05-06 11:13:22,652] {subprocess.py:74} INFO - Running command: ['bash', '-c', 'sleep 4']
[2022-05-06 11:13:22,656] {subprocess.py:85} INFO - Output:
[2022-05-06 11:13:26,657] {subprocess.py:93} INFO - Command exited with return code 0
[2022-05-06 11:13:26,669] {taskinstance.py:1267} INFO - Marking task as SUCCESS. dag_id=parallel_dag, task_id=task_4, execution_date=20220428T000000, start_date=20220506T054322, end_date=20220506T054326
[2022-05-06 11:13:26,701] {local_task_job.py:154} INFO - Task exited with return code 0
[2022-05-06 11:13:26,710] {local_task_job.py:264} INFO - 0 downstream tasks scheduled from follow-on schedule check
[2022-05-06 11:31:35,702] {taskinstance.py:1032} INFO - Dependencies all met for <TaskInstance: parallel_dag.task_4 scheduled__2022-04-28T00:00:00+00:00 [queued]>
[2022-05-06 11:31:35,729] {taskinstance.py:1032} INFO - Dependencies all met for <TaskInstance: parallel_dag.task_4 scheduled__2022-04-28T00:00:00+00:00 [queued]>
[2022-05-06 11:31:35,730] {taskinstance.py:1238} INFO - 
--------------------------------------------------------------------------------
[2022-05-06 11:31:35,731] {taskinstance.py:1239} INFO - Starting attempt 1 of 1
[2022-05-06 11:31:35,731] {taskinstance.py:1240} INFO - 
--------------------------------------------------------------------------------
[2022-05-06 11:31:35,767] {taskinstance.py:1259} INFO - Executing <Task(BashOperator): task_4> on 2022-04-28 00:00:00+00:00
[2022-05-06 11:31:35,773] {standard_task_runner.py:52} INFO - Started process 1469069 to run task
[2022-05-06 11:31:35,775] {standard_task_runner.py:76} INFO - Running: ['airflow', 'tasks', 'run', 'parallel_dag', 'task_4', 'scheduled__2022-04-28T00:00:00+00:00', '--job-id', '26', '--raw', '--subdir', '/home/sanjeev/Documents/SubDAGs/dags/paralle_processing.py', '--cfg-path', '/tmp/tmpczwjq7to', '--error-file', '/tmp/tmpnq32232t']
[2022-05-06 11:31:35,776] {standard_task_runner.py:77} INFO - Job 26: Subtask task_4
[2022-05-06 11:31:35,963] {logging_mixin.py:109} INFO - Running <TaskInstance: parallel_dag.task_4 scheduled__2022-04-28T00:00:00+00:00 [running]> on host kumar
[2022-05-06 11:31:36,155] {taskinstance.py:1424} INFO - Exporting the following env vars:
AIRFLOW_CTX_DAG_OWNER=airflow
AIRFLOW_CTX_DAG_ID=parallel_dag
AIRFLOW_CTX_TASK_ID=task_4
AIRFLOW_CTX_EXECUTION_DATE=2022-04-28T00:00:00+00:00
AIRFLOW_CTX_DAG_RUN_ID=scheduled__2022-04-28T00:00:00+00:00
[2022-05-06 11:31:36,158] {subprocess.py:62} INFO - Tmp dir root location: 
 /tmp
[2022-05-06 11:31:36,159] {subprocess.py:74} INFO - Running command: ['bash', '-c', 'sleep 4']
[2022-05-06 11:31:36,178] {subprocess.py:85} INFO - Output:
[2022-05-06 11:31:40,180] {subprocess.py:93} INFO - Command exited with return code 0
[2022-05-06 11:31:40,213] {taskinstance.py:1267} INFO - Marking task as SUCCESS. dag_id=parallel_dag, task_id=task_4, execution_date=20220428T000000, start_date=20220506T060135, end_date=20220506T060140
[2022-05-06 11:31:40,228] {local_task_job.py:154} INFO - Task exited with return code 0
[2022-05-06 11:31:40,262] {local_task_job.py:264} INFO - 0 downstream tasks scheduled from follow-on schedule check
