[2022-05-06 11:15:43,049] {taskinstance.py:1032} INFO - Dependencies all met for <TaskInstance: parallel_dag.task_4 scheduled__2022-04-30T00:00:00+00:00 [queued]>
[2022-05-06 11:15:43,053] {taskinstance.py:1032} INFO - Dependencies all met for <TaskInstance: parallel_dag.task_4 scheduled__2022-04-30T00:00:00+00:00 [queued]>
[2022-05-06 11:15:43,053] {taskinstance.py:1238} INFO - 
--------------------------------------------------------------------------------
[2022-05-06 11:15:43,053] {taskinstance.py:1239} INFO - Starting attempt 1 of 1
[2022-05-06 11:15:43,053] {taskinstance.py:1240} INFO - 
--------------------------------------------------------------------------------
[2022-05-06 11:15:43,060] {taskinstance.py:1259} INFO - Executing <Task(BashOperator): task_4> on 2022-04-30 00:00:00+00:00
[2022-05-06 11:15:43,061] {standard_task_runner.py:52} INFO - Started process 1464831 to run task
[2022-05-06 11:15:43,063] {standard_task_runner.py:76} INFO - Running: ['airflow', 'tasks', 'run', 'parallel_dag', 'task_4', 'scheduled__2022-04-30T00:00:00+00:00', '--job-id', '27', '--raw', '--subdir', '/home/sanjeev/Documents/SubDAGs/dags/paralle_processing.py', '--cfg-path', '/tmp/tmp2yyan_1y', '--error-file', '/tmp/tmp_8ft14gv']
[2022-05-06 11:15:43,064] {standard_task_runner.py:77} INFO - Job 27: Subtask task_4
[2022-05-06 11:15:43,090] {logging_mixin.py:109} INFO - Running <TaskInstance: parallel_dag.task_4 scheduled__2022-04-30T00:00:00+00:00 [running]> on host kumar
[2022-05-06 11:15:43,118] {taskinstance.py:1424} INFO - Exporting the following env vars:
AIRFLOW_CTX_DAG_OWNER=airflow
AIRFLOW_CTX_DAG_ID=parallel_dag
AIRFLOW_CTX_TASK_ID=task_4
AIRFLOW_CTX_EXECUTION_DATE=2022-04-30T00:00:00+00:00
AIRFLOW_CTX_DAG_RUN_ID=scheduled__2022-04-30T00:00:00+00:00
[2022-05-06 11:15:43,119] {subprocess.py:62} INFO - Tmp dir root location: 
 /tmp
[2022-05-06 11:15:43,119] {subprocess.py:74} INFO - Running command: ['bash', '-c', 'sleep 4']
[2022-05-06 11:15:43,122] {subprocess.py:85} INFO - Output:
[2022-05-06 11:15:47,123] {subprocess.py:93} INFO - Command exited with return code 0
[2022-05-06 11:15:47,134] {taskinstance.py:1267} INFO - Marking task as SUCCESS. dag_id=parallel_dag, task_id=task_4, execution_date=20220430T000000, start_date=20220506T054543, end_date=20220506T054547
[2022-05-06 11:15:47,174] {local_task_job.py:154} INFO - Task exited with return code 0
[2022-05-06 11:15:47,181] {local_task_job.py:264} INFO - 0 downstream tasks scheduled from follow-on schedule check
[2022-05-06 11:31:37,638] {taskinstance.py:1032} INFO - Dependencies all met for <TaskInstance: parallel_dag.task_4 scheduled__2022-04-30T00:00:00+00:00 [queued]>
[2022-05-06 11:31:37,657] {taskinstance.py:1032} INFO - Dependencies all met for <TaskInstance: parallel_dag.task_4 scheduled__2022-04-30T00:00:00+00:00 [queued]>
[2022-05-06 11:31:37,657] {taskinstance.py:1238} INFO - 
--------------------------------------------------------------------------------
[2022-05-06 11:31:37,657] {taskinstance.py:1239} INFO - Starting attempt 1 of 1
[2022-05-06 11:31:37,657] {taskinstance.py:1240} INFO - 
--------------------------------------------------------------------------------
[2022-05-06 11:31:37,674] {taskinstance.py:1259} INFO - Executing <Task(BashOperator): task_4> on 2022-04-30 00:00:00+00:00
[2022-05-06 11:31:37,679] {standard_task_runner.py:52} INFO - Started process 1469310 to run task
[2022-05-06 11:31:37,682] {standard_task_runner.py:76} INFO - Running: ['airflow', 'tasks', 'run', 'parallel_dag', 'task_4', 'scheduled__2022-04-30T00:00:00+00:00', '--job-id', '32', '--raw', '--subdir', '/home/sanjeev/Documents/SubDAGs/dags/paralle_processing.py', '--cfg-path', '/tmp/tmph0xt0szj', '--error-file', '/tmp/tmpg8jb1g4u']
[2022-05-06 11:31:37,684] {standard_task_runner.py:77} INFO - Job 32: Subtask task_4
[2022-05-06 11:31:37,843] {logging_mixin.py:109} INFO - Running <TaskInstance: parallel_dag.task_4 scheduled__2022-04-30T00:00:00+00:00 [running]> on host kumar
[2022-05-06 11:31:37,978] {taskinstance.py:1424} INFO - Exporting the following env vars:
AIRFLOW_CTX_DAG_OWNER=airflow
AIRFLOW_CTX_DAG_ID=parallel_dag
AIRFLOW_CTX_TASK_ID=task_4
AIRFLOW_CTX_EXECUTION_DATE=2022-04-30T00:00:00+00:00
AIRFLOW_CTX_DAG_RUN_ID=scheduled__2022-04-30T00:00:00+00:00
[2022-05-06 11:31:37,979] {subprocess.py:62} INFO - Tmp dir root location: 
 /tmp
[2022-05-06 11:31:37,979] {subprocess.py:74} INFO - Running command: ['bash', '-c', 'sleep 4']
[2022-05-06 11:31:37,991] {subprocess.py:85} INFO - Output:
[2022-05-06 11:31:42,000] {subprocess.py:93} INFO - Command exited with return code 0
[2022-05-06 11:31:42,104] {taskinstance.py:1267} INFO - Marking task as SUCCESS. dag_id=parallel_dag, task_id=task_4, execution_date=20220430T000000, start_date=20220506T060137, end_date=20220506T060142
[2022-05-06 11:31:42,161] {local_task_job.py:154} INFO - Task exited with return code 0
[2022-05-06 11:31:42,249] {local_task_job.py:264} INFO - 0 downstream tasks scheduled from follow-on schedule check
