[2022-05-06 11:14:35,372] {taskinstance.py:1032} INFO - Dependencies all met for <TaskInstance: parallel_dag.task_1 scheduled__2022-04-30T00:00:00+00:00 [queued]>
[2022-05-06 11:14:35,377] {taskinstance.py:1032} INFO - Dependencies all met for <TaskInstance: parallel_dag.task_1 scheduled__2022-04-30T00:00:00+00:00 [queued]>
[2022-05-06 11:14:35,377] {taskinstance.py:1238} INFO - 
--------------------------------------------------------------------------------
[2022-05-06 11:14:35,377] {taskinstance.py:1239} INFO - Starting attempt 1 of 1
[2022-05-06 11:14:35,377] {taskinstance.py:1240} INFO - 
--------------------------------------------------------------------------------
[2022-05-06 11:14:35,385] {taskinstance.py:1259} INFO - Executing <Task(BashOperator): task_1> on 2022-04-30 00:00:00+00:00
[2022-05-06 11:14:35,388] {standard_task_runner.py:52} INFO - Started process 1464708 to run task
[2022-05-06 11:14:35,390] {standard_task_runner.py:76} INFO - Running: ['airflow', 'tasks', 'run', 'parallel_dag', 'task_1', 'scheduled__2022-04-30T00:00:00+00:00', '--job-id', '15', '--raw', '--subdir', '/home/sanjeev/Documents/SubDAGs/dags/paralle_processing.py', '--cfg-path', '/tmp/tmp28l_ayp7', '--error-file', '/tmp/tmp4352_ma9']
[2022-05-06 11:14:35,390] {standard_task_runner.py:77} INFO - Job 15: Subtask task_1
[2022-05-06 11:14:35,418] {logging_mixin.py:109} INFO - Running <TaskInstance: parallel_dag.task_1 scheduled__2022-04-30T00:00:00+00:00 [running]> on host kumar
[2022-05-06 11:14:35,454] {taskinstance.py:1424} INFO - Exporting the following env vars:
AIRFLOW_CTX_DAG_OWNER=airflow
AIRFLOW_CTX_DAG_ID=parallel_dag
AIRFLOW_CTX_TASK_ID=task_1
AIRFLOW_CTX_EXECUTION_DATE=2022-04-30T00:00:00+00:00
AIRFLOW_CTX_DAG_RUN_ID=scheduled__2022-04-30T00:00:00+00:00
[2022-05-06 11:14:35,455] {subprocess.py:62} INFO - Tmp dir root location: 
 /tmp
[2022-05-06 11:14:35,456] {subprocess.py:74} INFO - Running command: ['bash', '-c', 'sleep 4']
[2022-05-06 11:14:35,463] {subprocess.py:85} INFO - Output:
[2022-05-06 11:14:39,464] {subprocess.py:93} INFO - Command exited with return code 0
[2022-05-06 11:14:39,500] {taskinstance.py:1267} INFO - Marking task as SUCCESS. dag_id=parallel_dag, task_id=task_1, execution_date=20220430T000000, start_date=20220506T054435, end_date=20220506T054439
[2022-05-06 11:14:39,536] {local_task_job.py:154} INFO - Task exited with return code 0
[2022-05-06 11:14:39,560] {local_task_job.py:264} INFO - 1 downstream tasks scheduled from follow-on schedule check
[2022-05-06 11:31:25,402] {taskinstance.py:1032} INFO - Dependencies all met for <TaskInstance: parallel_dag.task_1 scheduled__2022-04-30T00:00:00+00:00 [queued]>
[2022-05-06 11:31:25,427] {taskinstance.py:1032} INFO - Dependencies all met for <TaskInstance: parallel_dag.task_1 scheduled__2022-04-30T00:00:00+00:00 [queued]>
[2022-05-06 11:31:25,427] {taskinstance.py:1238} INFO - 
--------------------------------------------------------------------------------
[2022-05-06 11:31:25,427] {taskinstance.py:1239} INFO - Starting attempt 1 of 1
[2022-05-06 11:31:25,427] {taskinstance.py:1240} INFO - 
--------------------------------------------------------------------------------
[2022-05-06 11:31:25,461] {taskinstance.py:1259} INFO - Executing <Task(BashOperator): task_1> on 2022-04-30 00:00:00+00:00
[2022-05-06 11:31:25,468] {standard_task_runner.py:52} INFO - Started process 1468038 to run task
[2022-05-06 11:31:25,477] {standard_task_runner.py:76} INFO - Running: ['airflow', 'tasks', 'run', 'parallel_dag', 'task_1', 'scheduled__2022-04-30T00:00:00+00:00', '--job-id', '4', '--raw', '--subdir', '/home/sanjeev/Documents/SubDAGs/dags/paralle_processing.py', '--cfg-path', '/tmp/tmp3hjqdk_x', '--error-file', '/tmp/tmpzrqh4dws']
[2022-05-06 11:31:25,478] {standard_task_runner.py:77} INFO - Job 4: Subtask task_1
[2022-05-06 11:31:25,604] {logging_mixin.py:109} INFO - Running <TaskInstance: parallel_dag.task_1 scheduled__2022-04-30T00:00:00+00:00 [running]> on host kumar
[2022-05-06 11:31:25,830] {taskinstance.py:1424} INFO - Exporting the following env vars:
AIRFLOW_CTX_DAG_OWNER=airflow
AIRFLOW_CTX_DAG_ID=parallel_dag
AIRFLOW_CTX_TASK_ID=task_1
AIRFLOW_CTX_EXECUTION_DATE=2022-04-30T00:00:00+00:00
AIRFLOW_CTX_DAG_RUN_ID=scheduled__2022-04-30T00:00:00+00:00
[2022-05-06 11:31:25,832] {subprocess.py:62} INFO - Tmp dir root location: 
 /tmp
[2022-05-06 11:31:25,833] {subprocess.py:74} INFO - Running command: ['bash', '-c', 'sleep 4']
[2022-05-06 11:31:25,843] {subprocess.py:85} INFO - Output:
[2022-05-06 11:31:29,847] {subprocess.py:93} INFO - Command exited with return code 0
[2022-05-06 11:31:29,923] {taskinstance.py:1267} INFO - Marking task as SUCCESS. dag_id=parallel_dag, task_id=task_1, execution_date=20220430T000000, start_date=20220506T060125, end_date=20220506T060129
[2022-05-06 11:31:29,962] {local_task_job.py:154} INFO - Task exited with return code 0
[2022-05-06 11:31:30,244] {local_task_job.py:264} INFO - 0 downstream tasks scheduled from follow-on schedule check
