[2022-05-06 11:16:48,695] {taskinstance.py:1032} INFO - Dependencies all met for <TaskInstance: parallel_dag.task_4 scheduled__2022-05-03T00:00:00+00:00 [queued]>
[2022-05-06 11:16:48,699] {taskinstance.py:1032} INFO - Dependencies all met for <TaskInstance: parallel_dag.task_4 scheduled__2022-05-03T00:00:00+00:00 [queued]>
[2022-05-06 11:16:48,699] {taskinstance.py:1238} INFO - 
--------------------------------------------------------------------------------
[2022-05-06 11:16:48,699] {taskinstance.py:1239} INFO - Starting attempt 1 of 1
[2022-05-06 11:16:48,699] {taskinstance.py:1240} INFO - 
--------------------------------------------------------------------------------
[2022-05-06 11:16:48,706] {taskinstance.py:1259} INFO - Executing <Task(BashOperator): task_4> on 2022-05-03 00:00:00+00:00
[2022-05-06 11:16:48,708] {standard_task_runner.py:52} INFO - Started process 1464971 to run task
[2022-05-06 11:16:48,709] {standard_task_runner.py:76} INFO - Running: ['airflow', 'tasks', 'run', 'parallel_dag', 'task_4', 'scheduled__2022-05-03T00:00:00+00:00', '--job-id', '39', '--raw', '--subdir', '/home/sanjeev/Documents/SubDAGs/dags/paralle_processing.py', '--cfg-path', '/tmp/tmp21nrtlvo', '--error-file', '/tmp/tmpj2ltg1n4']
[2022-05-06 11:16:48,710] {standard_task_runner.py:77} INFO - Job 39: Subtask task_4
[2022-05-06 11:16:48,742] {logging_mixin.py:109} INFO - Running <TaskInstance: parallel_dag.task_4 scheduled__2022-05-03T00:00:00+00:00 [running]> on host kumar
[2022-05-06 11:16:48,770] {taskinstance.py:1424} INFO - Exporting the following env vars:
AIRFLOW_CTX_DAG_OWNER=airflow
AIRFLOW_CTX_DAG_ID=parallel_dag
AIRFLOW_CTX_TASK_ID=task_4
AIRFLOW_CTX_EXECUTION_DATE=2022-05-03T00:00:00+00:00
AIRFLOW_CTX_DAG_RUN_ID=scheduled__2022-05-03T00:00:00+00:00
[2022-05-06 11:16:48,771] {subprocess.py:62} INFO - Tmp dir root location: 
 /tmp
[2022-05-06 11:16:48,771] {subprocess.py:74} INFO - Running command: ['bash', '-c', 'sleep 4']
[2022-05-06 11:16:48,774] {subprocess.py:85} INFO - Output:
[2022-05-06 11:16:52,775] {subprocess.py:93} INFO - Command exited with return code 0
[2022-05-06 11:16:52,791] {taskinstance.py:1267} INFO - Marking task as SUCCESS. dag_id=parallel_dag, task_id=task_4, execution_date=20220503T000000, start_date=20220506T054648, end_date=20220506T054652
[2022-05-06 11:16:52,819] {local_task_job.py:154} INFO - Task exited with return code 0
[2022-05-06 11:16:52,843] {local_task_job.py:264} INFO - 0 downstream tasks scheduled from follow-on schedule check
[2022-05-06 11:31:37,595] {taskinstance.py:1032} INFO - Dependencies all met for <TaskInstance: parallel_dag.task_4 scheduled__2022-05-03T00:00:00+00:00 [queued]>
[2022-05-06 11:31:37,615] {taskinstance.py:1032} INFO - Dependencies all met for <TaskInstance: parallel_dag.task_4 scheduled__2022-05-03T00:00:00+00:00 [queued]>
[2022-05-06 11:31:37,616] {taskinstance.py:1238} INFO - 
--------------------------------------------------------------------------------
[2022-05-06 11:31:37,616] {taskinstance.py:1239} INFO - Starting attempt 1 of 1
[2022-05-06 11:31:37,616] {taskinstance.py:1240} INFO - 
--------------------------------------------------------------------------------
[2022-05-06 11:31:37,643] {taskinstance.py:1259} INFO - Executing <Task(BashOperator): task_4> on 2022-05-03 00:00:00+00:00
[2022-05-06 11:31:37,651] {standard_task_runner.py:52} INFO - Started process 1469304 to run task
[2022-05-06 11:31:37,656] {standard_task_runner.py:76} INFO - Running: ['airflow', 'tasks', 'run', 'parallel_dag', 'task_4', 'scheduled__2022-05-03T00:00:00+00:00', '--job-id', '28', '--raw', '--subdir', '/home/sanjeev/Documents/SubDAGs/dags/paralle_processing.py', '--cfg-path', '/tmp/tmpocfrw1r3', '--error-file', '/tmp/tmpfy259nar']
[2022-05-06 11:31:37,657] {standard_task_runner.py:77} INFO - Job 28: Subtask task_4
[2022-05-06 11:31:37,783] {logging_mixin.py:109} INFO - Running <TaskInstance: parallel_dag.task_4 scheduled__2022-05-03T00:00:00+00:00 [running]> on host kumar
[2022-05-06 11:31:37,946] {taskinstance.py:1424} INFO - Exporting the following env vars:
AIRFLOW_CTX_DAG_OWNER=airflow
AIRFLOW_CTX_DAG_ID=parallel_dag
AIRFLOW_CTX_TASK_ID=task_4
AIRFLOW_CTX_EXECUTION_DATE=2022-05-03T00:00:00+00:00
AIRFLOW_CTX_DAG_RUN_ID=scheduled__2022-05-03T00:00:00+00:00
[2022-05-06 11:31:37,947] {subprocess.py:62} INFO - Tmp dir root location: 
 /tmp
[2022-05-06 11:31:37,948] {subprocess.py:74} INFO - Running command: ['bash', '-c', 'sleep 4']
[2022-05-06 11:31:37,960] {subprocess.py:85} INFO - Output:
[2022-05-06 11:31:41,963] {subprocess.py:93} INFO - Command exited with return code 0
[2022-05-06 11:31:42,046] {taskinstance.py:1267} INFO - Marking task as SUCCESS. dag_id=parallel_dag, task_id=task_4, execution_date=20220503T000000, start_date=20220506T060137, end_date=20220506T060142
[2022-05-06 11:31:42,137] {local_task_job.py:154} INFO - Task exited with return code 0
[2022-05-06 11:31:42,233] {local_task_job.py:264} INFO - 0 downstream tasks scheduled from follow-on schedule check
