[2022-05-06 11:13:05,636] {taskinstance.py:1032} INFO - Dependencies all met for <TaskInstance: parallel_dag.task_1 scheduled__2022-04-28T00:00:00+00:00 [queued]>
[2022-05-06 11:13:05,642] {taskinstance.py:1032} INFO - Dependencies all met for <TaskInstance: parallel_dag.task_1 scheduled__2022-04-28T00:00:00+00:00 [queued]>
[2022-05-06 11:13:05,642] {taskinstance.py:1238} INFO - 
--------------------------------------------------------------------------------
[2022-05-06 11:13:05,642] {taskinstance.py:1239} INFO - Starting attempt 1 of 1
[2022-05-06 11:13:05,642] {taskinstance.py:1240} INFO - 
--------------------------------------------------------------------------------
[2022-05-06 11:13:05,652] {taskinstance.py:1259} INFO - Executing <Task(BashOperator): task_1> on 2022-04-28 00:00:00+00:00
[2022-05-06 11:13:05,655] {standard_task_runner.py:52} INFO - Started process 1464542 to run task
[2022-05-06 11:13:05,659] {standard_task_runner.py:76} INFO - Running: ['airflow', 'tasks', 'run', 'parallel_dag', 'task_1', 'scheduled__2022-04-28T00:00:00+00:00', '--job-id', '3', '--raw', '--subdir', '/home/sanjeev/Documents/SubDAGs/dags/paralle_processing.py', '--cfg-path', '/tmp/tmplku3crfq', '--error-file', '/tmp/tmpnj5ts2a2']
[2022-05-06 11:13:05,660] {standard_task_runner.py:77} INFO - Job 3: Subtask task_1
[2022-05-06 11:13:05,698] {logging_mixin.py:109} INFO - Running <TaskInstance: parallel_dag.task_1 scheduled__2022-04-28T00:00:00+00:00 [running]> on host kumar
[2022-05-06 11:13:05,731] {taskinstance.py:1424} INFO - Exporting the following env vars:
AIRFLOW_CTX_DAG_OWNER=airflow
AIRFLOW_CTX_DAG_ID=parallel_dag
AIRFLOW_CTX_TASK_ID=task_1
AIRFLOW_CTX_EXECUTION_DATE=2022-04-28T00:00:00+00:00
AIRFLOW_CTX_DAG_RUN_ID=scheduled__2022-04-28T00:00:00+00:00
[2022-05-06 11:13:05,732] {subprocess.py:62} INFO - Tmp dir root location: 
 /tmp
[2022-05-06 11:13:05,732] {subprocess.py:74} INFO - Running command: ['bash', '-c', 'sleep 4']
[2022-05-06 11:13:05,735] {subprocess.py:85} INFO - Output:
[2022-05-06 11:13:09,738] {subprocess.py:93} INFO - Command exited with return code 0
[2022-05-06 11:13:09,750] {taskinstance.py:1267} INFO - Marking task as SUCCESS. dag_id=parallel_dag, task_id=task_1, execution_date=20220428T000000, start_date=20220506T054305, end_date=20220506T054309
[2022-05-06 11:13:09,765] {local_task_job.py:154} INFO - Task exited with return code 0
[2022-05-06 11:13:09,781] {local_task_job.py:264} INFO - 0 downstream tasks scheduled from follow-on schedule check
[2022-05-06 11:31:24,616] {taskinstance.py:1032} INFO - Dependencies all met for <TaskInstance: parallel_dag.task_1 scheduled__2022-04-28T00:00:00+00:00 [queued]>
[2022-05-06 11:31:24,623] {taskinstance.py:1032} INFO - Dependencies all met for <TaskInstance: parallel_dag.task_1 scheduled__2022-04-28T00:00:00+00:00 [queued]>
[2022-05-06 11:31:24,623] {taskinstance.py:1238} INFO - 
--------------------------------------------------------------------------------
[2022-05-06 11:31:24,623] {taskinstance.py:1239} INFO - Starting attempt 1 of 1
[2022-05-06 11:31:24,623] {taskinstance.py:1240} INFO - 
--------------------------------------------------------------------------------
[2022-05-06 11:31:24,631] {taskinstance.py:1259} INFO - Executing <Task(BashOperator): task_1> on 2022-04-28 00:00:00+00:00
[2022-05-06 11:31:24,633] {standard_task_runner.py:52} INFO - Started process 1467953 to run task
[2022-05-06 11:31:24,636] {standard_task_runner.py:76} INFO - Running: ['airflow', 'tasks', 'run', 'parallel_dag', 'task_1', 'scheduled__2022-04-28T00:00:00+00:00', '--job-id', '2', '--raw', '--subdir', '/home/sanjeev/Documents/SubDAGs/dags/paralle_processing.py', '--cfg-path', '/tmp/tmp0_duhl72', '--error-file', '/tmp/tmppa2ajlzw']
[2022-05-06 11:31:24,637] {standard_task_runner.py:77} INFO - Job 2: Subtask task_1
[2022-05-06 11:31:24,743] {logging_mixin.py:109} INFO - Running <TaskInstance: parallel_dag.task_1 scheduled__2022-04-28T00:00:00+00:00 [running]> on host kumar
[2022-05-06 11:31:24,852] {taskinstance.py:1424} INFO - Exporting the following env vars:
AIRFLOW_CTX_DAG_OWNER=airflow
AIRFLOW_CTX_DAG_ID=parallel_dag
AIRFLOW_CTX_TASK_ID=task_1
AIRFLOW_CTX_EXECUTION_DATE=2022-04-28T00:00:00+00:00
AIRFLOW_CTX_DAG_RUN_ID=scheduled__2022-04-28T00:00:00+00:00
[2022-05-06 11:31:24,853] {subprocess.py:62} INFO - Tmp dir root location: 
 /tmp
[2022-05-06 11:31:24,853] {subprocess.py:74} INFO - Running command: ['bash', '-c', 'sleep 4']
[2022-05-06 11:31:24,860] {subprocess.py:85} INFO - Output:
[2022-05-06 11:31:28,862] {subprocess.py:93} INFO - Command exited with return code 0
[2022-05-06 11:31:28,898] {taskinstance.py:1267} INFO - Marking task as SUCCESS. dag_id=parallel_dag, task_id=task_1, execution_date=20220428T000000, start_date=20220506T060124, end_date=20220506T060128
[2022-05-06 11:31:28,947] {local_task_job.py:154} INFO - Task exited with return code 0
[2022-05-06 11:31:29,152] {local_task_job.py:264} INFO - 0 downstream tasks scheduled from follow-on schedule check
