[2022-05-06 11:15:25,685] {taskinstance.py:1032} INFO - Dependencies all met for <TaskInstance: parallel_dag.task_1 scheduled__2022-05-03T00:00:00+00:00 [queued]>
[2022-05-06 11:15:25,689] {taskinstance.py:1032} INFO - Dependencies all met for <TaskInstance: parallel_dag.task_1 scheduled__2022-05-03T00:00:00+00:00 [queued]>
[2022-05-06 11:15:25,689] {taskinstance.py:1238} INFO - 
--------------------------------------------------------------------------------
[2022-05-06 11:15:25,689] {taskinstance.py:1239} INFO - Starting attempt 1 of 1
[2022-05-06 11:15:25,689] {taskinstance.py:1240} INFO - 
--------------------------------------------------------------------------------
[2022-05-06 11:15:25,699] {taskinstance.py:1259} INFO - Executing <Task(BashOperator): task_1> on 2022-05-03 00:00:00+00:00
[2022-05-06 11:15:25,701] {standard_task_runner.py:52} INFO - Started process 1464800 to run task
[2022-05-06 11:15:25,702] {standard_task_runner.py:76} INFO - Running: ['airflow', 'tasks', 'run', 'parallel_dag', 'task_1', 'scheduled__2022-05-03T00:00:00+00:00', '--job-id', '24', '--raw', '--subdir', '/home/sanjeev/Documents/SubDAGs/dags/paralle_processing.py', '--cfg-path', '/tmp/tmpq2do4e1r', '--error-file', '/tmp/tmpdt2k5dwc']
[2022-05-06 11:15:25,703] {standard_task_runner.py:77} INFO - Job 24: Subtask task_1
[2022-05-06 11:15:25,735] {logging_mixin.py:109} INFO - Running <TaskInstance: parallel_dag.task_1 scheduled__2022-05-03T00:00:00+00:00 [running]> on host kumar
[2022-05-06 11:15:25,772] {taskinstance.py:1424} INFO - Exporting the following env vars:
AIRFLOW_CTX_DAG_OWNER=airflow
AIRFLOW_CTX_DAG_ID=parallel_dag
AIRFLOW_CTX_TASK_ID=task_1
AIRFLOW_CTX_EXECUTION_DATE=2022-05-03T00:00:00+00:00
AIRFLOW_CTX_DAG_RUN_ID=scheduled__2022-05-03T00:00:00+00:00
[2022-05-06 11:15:25,773] {subprocess.py:62} INFO - Tmp dir root location: 
 /tmp
[2022-05-06 11:15:25,774] {subprocess.py:74} INFO - Running command: ['bash', '-c', 'sleep 4']
[2022-05-06 11:15:25,783] {subprocess.py:85} INFO - Output:
[2022-05-06 11:15:29,785] {subprocess.py:93} INFO - Command exited with return code 0
[2022-05-06 11:15:29,811] {taskinstance.py:1267} INFO - Marking task as SUCCESS. dag_id=parallel_dag, task_id=task_1, execution_date=20220503T000000, start_date=20220506T054525, end_date=20220506T054529
[2022-05-06 11:15:29,851] {local_task_job.py:154} INFO - Task exited with return code 0
[2022-05-06 11:15:29,890] {local_task_job.py:264} INFO - 1 downstream tasks scheduled from follow-on schedule check
[2022-05-06 11:31:25,955] {taskinstance.py:1032} INFO - Dependencies all met for <TaskInstance: parallel_dag.task_1 scheduled__2022-05-03T00:00:00+00:00 [queued]>
[2022-05-06 11:31:25,980] {taskinstance.py:1032} INFO - Dependencies all met for <TaskInstance: parallel_dag.task_1 scheduled__2022-05-03T00:00:00+00:00 [queued]>
[2022-05-06 11:31:25,981] {taskinstance.py:1238} INFO - 
--------------------------------------------------------------------------------
[2022-05-06 11:31:25,981] {taskinstance.py:1239} INFO - Starting attempt 1 of 1
[2022-05-06 11:31:25,981] {taskinstance.py:1240} INFO - 
--------------------------------------------------------------------------------
[2022-05-06 11:31:26,001] {taskinstance.py:1259} INFO - Executing <Task(BashOperator): task_1> on 2022-05-03 00:00:00+00:00
[2022-05-06 11:31:26,008] {standard_task_runner.py:52} INFO - Started process 1468084 to run task
[2022-05-06 11:31:26,013] {standard_task_runner.py:76} INFO - Running: ['airflow', 'tasks', 'run', 'parallel_dag', 'task_1', 'scheduled__2022-05-03T00:00:00+00:00', '--job-id', '7', '--raw', '--subdir', '/home/sanjeev/Documents/SubDAGs/dags/paralle_processing.py', '--cfg-path', '/tmp/tmpqhljvgxc', '--error-file', '/tmp/tmpegiw1rhb']
[2022-05-06 11:31:26,015] {standard_task_runner.py:77} INFO - Job 7: Subtask task_1
[2022-05-06 11:31:26,214] {logging_mixin.py:109} INFO - Running <TaskInstance: parallel_dag.task_1 scheduled__2022-05-03T00:00:00+00:00 [running]> on host kumar
[2022-05-06 11:31:26,367] {taskinstance.py:1424} INFO - Exporting the following env vars:
AIRFLOW_CTX_DAG_OWNER=airflow
AIRFLOW_CTX_DAG_ID=parallel_dag
AIRFLOW_CTX_TASK_ID=task_1
AIRFLOW_CTX_EXECUTION_DATE=2022-05-03T00:00:00+00:00
AIRFLOW_CTX_DAG_RUN_ID=scheduled__2022-05-03T00:00:00+00:00
[2022-05-06 11:31:26,369] {subprocess.py:62} INFO - Tmp dir root location: 
 /tmp
[2022-05-06 11:31:26,370] {subprocess.py:74} INFO - Running command: ['bash', '-c', 'sleep 4']
[2022-05-06 11:31:26,403] {subprocess.py:85} INFO - Output:
[2022-05-06 11:31:30,405] {subprocess.py:93} INFO - Command exited with return code 0
[2022-05-06 11:31:30,528] {taskinstance.py:1267} INFO - Marking task as SUCCESS. dag_id=parallel_dag, task_id=task_1, execution_date=20220503T000000, start_date=20220506T060125, end_date=20220506T060130
[2022-05-06 11:31:30,576] {local_task_job.py:154} INFO - Task exited with return code 0
[2022-05-06 11:31:30,837] {local_task_job.py:264} INFO - 0 downstream tasks scheduled from follow-on schedule check
