[2022-05-06 11:15:07,543] {taskinstance.py:1032} INFO - Dependencies all met for <TaskInstance: parallel_dag.task_2 scheduled__2022-05-01T00:00:00+00:00 [queued]>
[2022-05-06 11:15:07,547] {taskinstance.py:1032} INFO - Dependencies all met for <TaskInstance: parallel_dag.task_2 scheduled__2022-05-01T00:00:00+00:00 [queued]>
[2022-05-06 11:15:07,547] {taskinstance.py:1238} INFO - 
--------------------------------------------------------------------------------
[2022-05-06 11:15:07,547] {taskinstance.py:1239} INFO - Starting attempt 1 of 1
[2022-05-06 11:15:07,547] {taskinstance.py:1240} INFO - 
--------------------------------------------------------------------------------
[2022-05-06 11:15:07,554] {taskinstance.py:1259} INFO - Executing <Task(BashOperator): task_2> on 2022-05-01 00:00:00+00:00
[2022-05-06 11:15:07,555] {standard_task_runner.py:52} INFO - Started process 1464774 to run task
[2022-05-06 11:15:07,557] {standard_task_runner.py:76} INFO - Running: ['airflow', 'tasks', 'run', 'parallel_dag', 'task_2', 'scheduled__2022-05-01T00:00:00+00:00', '--job-id', '21', '--raw', '--subdir', '/home/sanjeev/Documents/SubDAGs/dags/paralle_processing.py', '--cfg-path', '/tmp/tmp1j0_e550', '--error-file', '/tmp/tmpxhku3zri']
[2022-05-06 11:15:07,557] {standard_task_runner.py:77} INFO - Job 21: Subtask task_2
[2022-05-06 11:15:07,584] {logging_mixin.py:109} INFO - Running <TaskInstance: parallel_dag.task_2 scheduled__2022-05-01T00:00:00+00:00 [running]> on host kumar
[2022-05-06 11:15:07,637] {taskinstance.py:1424} INFO - Exporting the following env vars:
AIRFLOW_CTX_DAG_OWNER=airflow
AIRFLOW_CTX_DAG_ID=parallel_dag
AIRFLOW_CTX_TASK_ID=task_2
AIRFLOW_CTX_EXECUTION_DATE=2022-05-01T00:00:00+00:00
AIRFLOW_CTX_DAG_RUN_ID=scheduled__2022-05-01T00:00:00+00:00
[2022-05-06 11:15:07,637] {subprocess.py:62} INFO - Tmp dir root location: 
 /tmp
[2022-05-06 11:15:07,638] {subprocess.py:74} INFO - Running command: ['bash', '-c', 'sleep 4']
[2022-05-06 11:15:07,641] {subprocess.py:85} INFO - Output:
[2022-05-06 11:15:11,643] {subprocess.py:93} INFO - Command exited with return code 0
[2022-05-06 11:15:11,658] {taskinstance.py:1267} INFO - Marking task as SUCCESS. dag_id=parallel_dag, task_id=task_2, execution_date=20220501T000000, start_date=20220506T054507, end_date=20220506T054511
[2022-05-06 11:15:11,706] {local_task_job.py:154} INFO - Task exited with return code 0
[2022-05-06 11:15:11,724] {local_task_job.py:264} INFO - 1 downstream tasks scheduled from follow-on schedule check
[2022-05-06 11:31:30,994] {taskinstance.py:1032} INFO - Dependencies all met for <TaskInstance: parallel_dag.task_2 scheduled__2022-05-01T00:00:00+00:00 [queued]>
[2022-05-06 11:31:31,020] {taskinstance.py:1032} INFO - Dependencies all met for <TaskInstance: parallel_dag.task_2 scheduled__2022-05-01T00:00:00+00:00 [queued]>
[2022-05-06 11:31:31,021] {taskinstance.py:1238} INFO - 
--------------------------------------------------------------------------------
[2022-05-06 11:31:31,021] {taskinstance.py:1239} INFO - Starting attempt 1 of 1
[2022-05-06 11:31:31,021] {taskinstance.py:1240} INFO - 
--------------------------------------------------------------------------------
[2022-05-06 11:31:31,070] {taskinstance.py:1259} INFO - Executing <Task(BashOperator): task_2> on 2022-05-01 00:00:00+00:00
[2022-05-06 11:31:31,075] {standard_task_runner.py:52} INFO - Started process 1468562 to run task
[2022-05-06 11:31:31,085] {standard_task_runner.py:76} INFO - Running: ['airflow', 'tasks', 'run', 'parallel_dag', 'task_2', 'scheduled__2022-05-01T00:00:00+00:00', '--job-id', '17', '--raw', '--subdir', '/home/sanjeev/Documents/SubDAGs/dags/paralle_processing.py', '--cfg-path', '/tmp/tmpjgt_etes', '--error-file', '/tmp/tmpv2pbyn5s']
[2022-05-06 11:31:31,085] {standard_task_runner.py:77} INFO - Job 17: Subtask task_2
[2022-05-06 11:31:31,230] {logging_mixin.py:109} INFO - Running <TaskInstance: parallel_dag.task_2 scheduled__2022-05-01T00:00:00+00:00 [running]> on host kumar
[2022-05-06 11:31:31,424] {taskinstance.py:1424} INFO - Exporting the following env vars:
AIRFLOW_CTX_DAG_OWNER=airflow
AIRFLOW_CTX_DAG_ID=parallel_dag
AIRFLOW_CTX_TASK_ID=task_2
AIRFLOW_CTX_EXECUTION_DATE=2022-05-01T00:00:00+00:00
AIRFLOW_CTX_DAG_RUN_ID=scheduled__2022-05-01T00:00:00+00:00
[2022-05-06 11:31:31,425] {subprocess.py:62} INFO - Tmp dir root location: 
 /tmp
[2022-05-06 11:31:31,426] {subprocess.py:74} INFO - Running command: ['bash', '-c', 'sleep 4']
[2022-05-06 11:31:31,467] {subprocess.py:85} INFO - Output:
[2022-05-06 11:31:35,473] {subprocess.py:93} INFO - Command exited with return code 0
[2022-05-06 11:31:35,619] {taskinstance.py:1267} INFO - Marking task as SUCCESS. dag_id=parallel_dag, task_id=task_2, execution_date=20220501T000000, start_date=20220506T060130, end_date=20220506T060135
[2022-05-06 11:31:35,701] {local_task_job.py:154} INFO - Task exited with return code 0
[2022-05-06 11:31:36,066] {local_task_job.py:264} INFO - 0 downstream tasks scheduled from follow-on schedule check
