[2022-05-06 11:15:53,753] {taskinstance.py:1032} INFO - Dependencies all met for <TaskInstance: parallel_dag.task_1 scheduled__2022-05-04T00:00:00+00:00 [queued]>
[2022-05-06 11:15:53,756] {taskinstance.py:1032} INFO - Dependencies all met for <TaskInstance: parallel_dag.task_1 scheduled__2022-05-04T00:00:00+00:00 [queued]>
[2022-05-06 11:15:53,757] {taskinstance.py:1238} INFO - 
--------------------------------------------------------------------------------
[2022-05-06 11:15:53,757] {taskinstance.py:1239} INFO - Starting attempt 1 of 1
[2022-05-06 11:15:53,757] {taskinstance.py:1240} INFO - 
--------------------------------------------------------------------------------
[2022-05-06 11:15:53,764] {taskinstance.py:1259} INFO - Executing <Task(BashOperator): task_1> on 2022-05-04 00:00:00+00:00
[2022-05-06 11:15:53,766] {standard_task_runner.py:52} INFO - Started process 1464859 to run task
[2022-05-06 11:15:53,767] {standard_task_runner.py:76} INFO - Running: ['airflow', 'tasks', 'run', 'parallel_dag', 'task_1', 'scheduled__2022-05-04T00:00:00+00:00', '--job-id', '29', '--raw', '--subdir', '/home/sanjeev/Documents/SubDAGs/dags/paralle_processing.py', '--cfg-path', '/tmp/tmpwkutttin', '--error-file', '/tmp/tmpowsm0hez']
[2022-05-06 11:15:53,768] {standard_task_runner.py:77} INFO - Job 29: Subtask task_1
[2022-05-06 11:15:53,805] {logging_mixin.py:109} INFO - Running <TaskInstance: parallel_dag.task_1 scheduled__2022-05-04T00:00:00+00:00 [running]> on host kumar
[2022-05-06 11:15:53,836] {taskinstance.py:1424} INFO - Exporting the following env vars:
AIRFLOW_CTX_DAG_OWNER=airflow
AIRFLOW_CTX_DAG_ID=parallel_dag
AIRFLOW_CTX_TASK_ID=task_1
AIRFLOW_CTX_EXECUTION_DATE=2022-05-04T00:00:00+00:00
AIRFLOW_CTX_DAG_RUN_ID=scheduled__2022-05-04T00:00:00+00:00
[2022-05-06 11:15:53,836] {subprocess.py:62} INFO - Tmp dir root location: 
 /tmp
[2022-05-06 11:15:53,836] {subprocess.py:74} INFO - Running command: ['bash', '-c', 'sleep 4']
[2022-05-06 11:15:53,839] {subprocess.py:85} INFO - Output:
[2022-05-06 11:15:57,841] {subprocess.py:93} INFO - Command exited with return code 0
[2022-05-06 11:15:57,873] {taskinstance.py:1267} INFO - Marking task as SUCCESS. dag_id=parallel_dag, task_id=task_1, execution_date=20220504T000000, start_date=20220506T054553, end_date=20220506T054557
[2022-05-06 11:15:57,917] {local_task_job.py:154} INFO - Task exited with return code 0
[2022-05-06 11:15:57,934] {local_task_job.py:264} INFO - 1 downstream tasks scheduled from follow-on schedule check
[2022-05-06 11:31:26,359] {taskinstance.py:1032} INFO - Dependencies all met for <TaskInstance: parallel_dag.task_1 scheduled__2022-05-04T00:00:00+00:00 [queued]>
[2022-05-06 11:31:26,370] {taskinstance.py:1032} INFO - Dependencies all met for <TaskInstance: parallel_dag.task_1 scheduled__2022-05-04T00:00:00+00:00 [queued]>
[2022-05-06 11:31:26,370] {taskinstance.py:1238} INFO - 
--------------------------------------------------------------------------------
[2022-05-06 11:31:26,371] {taskinstance.py:1239} INFO - Starting attempt 1 of 1
[2022-05-06 11:31:26,371] {taskinstance.py:1240} INFO - 
--------------------------------------------------------------------------------
[2022-05-06 11:31:26,402] {taskinstance.py:1259} INFO - Executing <Task(BashOperator): task_1> on 2022-05-04 00:00:00+00:00
[2022-05-06 11:31:26,406] {standard_task_runner.py:52} INFO - Started process 1468116 to run task
[2022-05-06 11:31:26,412] {standard_task_runner.py:76} INFO - Running: ['airflow', 'tasks', 'run', 'parallel_dag', 'task_1', 'scheduled__2022-05-04T00:00:00+00:00', '--job-id', '8', '--raw', '--subdir', '/home/sanjeev/Documents/SubDAGs/dags/paralle_processing.py', '--cfg-path', '/tmp/tmpfaxc73zx', '--error-file', '/tmp/tmp0xj8l4d6']
[2022-05-06 11:31:26,413] {standard_task_runner.py:77} INFO - Job 8: Subtask task_1
[2022-05-06 11:31:26,560] {logging_mixin.py:109} INFO - Running <TaskInstance: parallel_dag.task_1 scheduled__2022-05-04T00:00:00+00:00 [running]> on host kumar
[2022-05-06 11:31:26,722] {taskinstance.py:1424} INFO - Exporting the following env vars:
AIRFLOW_CTX_DAG_OWNER=airflow
AIRFLOW_CTX_DAG_ID=parallel_dag
AIRFLOW_CTX_TASK_ID=task_1
AIRFLOW_CTX_EXECUTION_DATE=2022-05-04T00:00:00+00:00
AIRFLOW_CTX_DAG_RUN_ID=scheduled__2022-05-04T00:00:00+00:00
[2022-05-06 11:31:26,722] {subprocess.py:62} INFO - Tmp dir root location: 
 /tmp
[2022-05-06 11:31:26,724] {subprocess.py:74} INFO - Running command: ['bash', '-c', 'sleep 4']
[2022-05-06 11:31:26,742] {subprocess.py:85} INFO - Output:
[2022-05-06 11:31:30,746] {subprocess.py:93} INFO - Command exited with return code 0
[2022-05-06 11:31:30,815] {taskinstance.py:1267} INFO - Marking task as SUCCESS. dag_id=parallel_dag, task_id=task_1, execution_date=20220504T000000, start_date=20220506T060126, end_date=20220506T060130
[2022-05-06 11:31:30,896] {local_task_job.py:154} INFO - Task exited with return code 0
[2022-05-06 11:31:31,026] {local_task_job.py:264} INFO - 2 downstream tasks scheduled from follow-on schedule check
