[2022-05-06 11:16:10,246] {taskinstance.py:1032} INFO - Dependencies all met for <TaskInstance: parallel_dag.task_4 scheduled__2022-05-01T00:00:00+00:00 [queued]>
[2022-05-06 11:16:10,251] {taskinstance.py:1032} INFO - Dependencies all met for <TaskInstance: parallel_dag.task_4 scheduled__2022-05-01T00:00:00+00:00 [queued]>
[2022-05-06 11:16:10,251] {taskinstance.py:1238} INFO - 
--------------------------------------------------------------------------------
[2022-05-06 11:16:10,251] {taskinstance.py:1239} INFO - Starting attempt 1 of 1
[2022-05-06 11:16:10,252] {taskinstance.py:1240} INFO - 
--------------------------------------------------------------------------------
[2022-05-06 11:16:10,258] {taskinstance.py:1259} INFO - Executing <Task(BashOperator): task_4> on 2022-05-01 00:00:00+00:00
[2022-05-06 11:16:10,260] {standard_task_runner.py:52} INFO - Started process 1464888 to run task
[2022-05-06 11:16:10,262] {standard_task_runner.py:76} INFO - Running: ['airflow', 'tasks', 'run', 'parallel_dag', 'task_4', 'scheduled__2022-05-01T00:00:00+00:00', '--job-id', '32', '--raw', '--subdir', '/home/sanjeev/Documents/SubDAGs/dags/paralle_processing.py', '--cfg-path', '/tmp/tmpc1nhtkp5', '--error-file', '/tmp/tmp44amzbhh']
[2022-05-06 11:16:10,262] {standard_task_runner.py:77} INFO - Job 32: Subtask task_4
[2022-05-06 11:16:10,292] {logging_mixin.py:109} INFO - Running <TaskInstance: parallel_dag.task_4 scheduled__2022-05-01T00:00:00+00:00 [running]> on host kumar
[2022-05-06 11:16:10,322] {taskinstance.py:1424} INFO - Exporting the following env vars:
AIRFLOW_CTX_DAG_OWNER=airflow
AIRFLOW_CTX_DAG_ID=parallel_dag
AIRFLOW_CTX_TASK_ID=task_4
AIRFLOW_CTX_EXECUTION_DATE=2022-05-01T00:00:00+00:00
AIRFLOW_CTX_DAG_RUN_ID=scheduled__2022-05-01T00:00:00+00:00
[2022-05-06 11:16:10,322] {subprocess.py:62} INFO - Tmp dir root location: 
 /tmp
[2022-05-06 11:16:10,322] {subprocess.py:74} INFO - Running command: ['bash', '-c', 'sleep 4']
[2022-05-06 11:16:10,325] {subprocess.py:85} INFO - Output:
[2022-05-06 11:16:14,327] {subprocess.py:93} INFO - Command exited with return code 0
[2022-05-06 11:16:14,349] {taskinstance.py:1267} INFO - Marking task as SUCCESS. dag_id=parallel_dag, task_id=task_4, execution_date=20220501T000000, start_date=20220506T054610, end_date=20220506T054614
[2022-05-06 11:16:14,371] {local_task_job.py:154} INFO - Task exited with return code 0
[2022-05-06 11:16:14,388] {local_task_job.py:264} INFO - 0 downstream tasks scheduled from follow-on schedule check
[2022-05-06 11:31:37,617] {taskinstance.py:1032} INFO - Dependencies all met for <TaskInstance: parallel_dag.task_4 scheduled__2022-05-01T00:00:00+00:00 [queued]>
[2022-05-06 11:31:37,639] {taskinstance.py:1032} INFO - Dependencies all met for <TaskInstance: parallel_dag.task_4 scheduled__2022-05-01T00:00:00+00:00 [queued]>
[2022-05-06 11:31:37,640] {taskinstance.py:1238} INFO - 
--------------------------------------------------------------------------------
[2022-05-06 11:31:37,640] {taskinstance.py:1239} INFO - Starting attempt 1 of 1
[2022-05-06 11:31:37,640] {taskinstance.py:1240} INFO - 
--------------------------------------------------------------------------------
[2022-05-06 11:31:37,660] {taskinstance.py:1259} INFO - Executing <Task(BashOperator): task_4> on 2022-05-01 00:00:00+00:00
[2022-05-06 11:31:37,664] {standard_task_runner.py:52} INFO - Started process 1469307 to run task
[2022-05-06 11:31:37,667] {standard_task_runner.py:76} INFO - Running: ['airflow', 'tasks', 'run', 'parallel_dag', 'task_4', 'scheduled__2022-05-01T00:00:00+00:00', '--job-id', '30', '--raw', '--subdir', '/home/sanjeev/Documents/SubDAGs/dags/paralle_processing.py', '--cfg-path', '/tmp/tmp4i552o_u', '--error-file', '/tmp/tmpi16z3sj9']
[2022-05-06 11:31:37,668] {standard_task_runner.py:77} INFO - Job 30: Subtask task_4
[2022-05-06 11:31:37,823] {logging_mixin.py:109} INFO - Running <TaskInstance: parallel_dag.task_4 scheduled__2022-05-01T00:00:00+00:00 [running]> on host kumar
[2022-05-06 11:31:37,978] {taskinstance.py:1424} INFO - Exporting the following env vars:
AIRFLOW_CTX_DAG_OWNER=airflow
AIRFLOW_CTX_DAG_ID=parallel_dag
AIRFLOW_CTX_TASK_ID=task_4
AIRFLOW_CTX_EXECUTION_DATE=2022-05-01T00:00:00+00:00
AIRFLOW_CTX_DAG_RUN_ID=scheduled__2022-05-01T00:00:00+00:00
[2022-05-06 11:31:37,979] {subprocess.py:62} INFO - Tmp dir root location: 
 /tmp
[2022-05-06 11:31:37,979] {subprocess.py:74} INFO - Running command: ['bash', '-c', 'sleep 4']
[2022-05-06 11:31:37,990] {subprocess.py:85} INFO - Output:
[2022-05-06 11:31:41,993] {subprocess.py:93} INFO - Command exited with return code 0
[2022-05-06 11:31:42,098] {taskinstance.py:1267} INFO - Marking task as SUCCESS. dag_id=parallel_dag, task_id=task_4, execution_date=20220501T000000, start_date=20220506T060137, end_date=20220506T060142
[2022-05-06 11:31:42,162] {local_task_job.py:154} INFO - Task exited with return code 0
[2022-05-06 11:31:42,244] {local_task_job.py:264} INFO - 0 downstream tasks scheduled from follow-on schedule check
