[2022-05-06 11:16:42,595] {taskinstance.py:1032} INFO - Dependencies all met for <TaskInstance: parallel_dag.task_3 scheduled__2022-05-04T00:00:00+00:00 [queued]>
[2022-05-06 11:16:42,599] {taskinstance.py:1032} INFO - Dependencies all met for <TaskInstance: parallel_dag.task_3 scheduled__2022-05-04T00:00:00+00:00 [queued]>
[2022-05-06 11:16:42,599] {taskinstance.py:1238} INFO - 
--------------------------------------------------------------------------------
[2022-05-06 11:16:42,599] {taskinstance.py:1239} INFO - Starting attempt 1 of 1
[2022-05-06 11:16:42,599] {taskinstance.py:1240} INFO - 
--------------------------------------------------------------------------------
[2022-05-06 11:16:42,606] {taskinstance.py:1259} INFO - Executing <Task(BashOperator): task_3> on 2022-05-04 00:00:00+00:00
[2022-05-06 11:16:42,608] {standard_task_runner.py:52} INFO - Started process 1464953 to run task
[2022-05-06 11:16:42,610] {standard_task_runner.py:76} INFO - Running: ['airflow', 'tasks', 'run', 'parallel_dag', 'task_3', 'scheduled__2022-05-04T00:00:00+00:00', '--job-id', '38', '--raw', '--subdir', '/home/sanjeev/Documents/SubDAGs/dags/paralle_processing.py', '--cfg-path', '/tmp/tmpz4sgk_nc', '--error-file', '/tmp/tmp480vn8iz']
[2022-05-06 11:16:42,610] {standard_task_runner.py:77} INFO - Job 38: Subtask task_3
[2022-05-06 11:16:42,648] {logging_mixin.py:109} INFO - Running <TaskInstance: parallel_dag.task_3 scheduled__2022-05-04T00:00:00+00:00 [running]> on host kumar
[2022-05-06 11:16:42,678] {taskinstance.py:1424} INFO - Exporting the following env vars:
AIRFLOW_CTX_DAG_OWNER=airflow
AIRFLOW_CTX_DAG_ID=parallel_dag
AIRFLOW_CTX_TASK_ID=task_3
AIRFLOW_CTX_EXECUTION_DATE=2022-05-04T00:00:00+00:00
AIRFLOW_CTX_DAG_RUN_ID=scheduled__2022-05-04T00:00:00+00:00
[2022-05-06 11:16:42,678] {subprocess.py:62} INFO - Tmp dir root location: 
 /tmp
[2022-05-06 11:16:42,678] {subprocess.py:74} INFO - Running command: ['bash', '-c', 'sleep 5']
[2022-05-06 11:16:42,681] {subprocess.py:85} INFO - Output:
[2022-05-06 11:16:47,683] {subprocess.py:93} INFO - Command exited with return code 0
[2022-05-06 11:16:47,706] {taskinstance.py:1267} INFO - Marking task as SUCCESS. dag_id=parallel_dag, task_id=task_3, execution_date=20220504T000000, start_date=20220506T054642, end_date=20220506T054647
[2022-05-06 11:16:47,732] {local_task_job.py:154} INFO - Task exited with return code 0
[2022-05-06 11:16:47,744] {local_task_job.py:264} INFO - 1 downstream tasks scheduled from follow-on schedule check
[2022-05-06 11:31:31,634] {taskinstance.py:1032} INFO - Dependencies all met for <TaskInstance: parallel_dag.task_3 scheduled__2022-05-04T00:00:00+00:00 [queued]>
[2022-05-06 11:31:31,652] {taskinstance.py:1032} INFO - Dependencies all met for <TaskInstance: parallel_dag.task_3 scheduled__2022-05-04T00:00:00+00:00 [queued]>
[2022-05-06 11:31:31,653] {taskinstance.py:1238} INFO - 
--------------------------------------------------------------------------------
[2022-05-06 11:31:31,653] {taskinstance.py:1239} INFO - Starting attempt 1 of 1
[2022-05-06 11:31:31,653] {taskinstance.py:1240} INFO - 
--------------------------------------------------------------------------------
[2022-05-06 11:31:31,667] {taskinstance.py:1259} INFO - Executing <Task(BashOperator): task_3> on 2022-05-04 00:00:00+00:00
[2022-05-06 11:31:31,672] {standard_task_runner.py:52} INFO - Started process 1468650 to run task
[2022-05-06 11:31:31,675] {standard_task_runner.py:76} INFO - Running: ['airflow', 'tasks', 'run', 'parallel_dag', 'task_3', 'scheduled__2022-05-04T00:00:00+00:00', '--job-id', '23', '--raw', '--subdir', '/home/sanjeev/Documents/SubDAGs/dags/paralle_processing.py', '--cfg-path', '/tmp/tmp526vp21w', '--error-file', '/tmp/tmph0qfqe8u']
[2022-05-06 11:31:31,677] {standard_task_runner.py:77} INFO - Job 23: Subtask task_3
[2022-05-06 11:31:31,898] {logging_mixin.py:109} INFO - Running <TaskInstance: parallel_dag.task_3 scheduled__2022-05-04T00:00:00+00:00 [running]> on host kumar
[2022-05-06 11:31:32,035] {taskinstance.py:1424} INFO - Exporting the following env vars:
AIRFLOW_CTX_DAG_OWNER=airflow
AIRFLOW_CTX_DAG_ID=parallel_dag
AIRFLOW_CTX_TASK_ID=task_3
AIRFLOW_CTX_EXECUTION_DATE=2022-05-04T00:00:00+00:00
AIRFLOW_CTX_DAG_RUN_ID=scheduled__2022-05-04T00:00:00+00:00
[2022-05-06 11:31:32,035] {subprocess.py:62} INFO - Tmp dir root location: 
 /tmp
[2022-05-06 11:31:32,036] {subprocess.py:74} INFO - Running command: ['bash', '-c', 'sleep 5']
[2022-05-06 11:31:32,045] {subprocess.py:85} INFO - Output:
[2022-05-06 11:31:37,047] {subprocess.py:93} INFO - Command exited with return code 0
[2022-05-06 11:31:37,083] {taskinstance.py:1267} INFO - Marking task as SUCCESS. dag_id=parallel_dag, task_id=task_3, execution_date=20220504T000000, start_date=20220506T060131, end_date=20220506T060137
[2022-05-06 11:31:37,138] {local_task_job.py:154} INFO - Task exited with return code 0
[2022-05-06 11:31:37,265] {local_task_job.py:264} INFO - 0 downstream tasks scheduled from follow-on schedule check
