[2022-05-06 11:16:31,991] {taskinstance.py:1032} INFO - Dependencies all met for <TaskInstance: parallel_dag.task_4 scheduled__2022-05-02T00:00:00+00:00 [queued]>
[2022-05-06 11:16:31,995] {taskinstance.py:1032} INFO - Dependencies all met for <TaskInstance: parallel_dag.task_4 scheduled__2022-05-02T00:00:00+00:00 [queued]>
[2022-05-06 11:16:31,995] {taskinstance.py:1238} INFO - 
--------------------------------------------------------------------------------
[2022-05-06 11:16:31,995] {taskinstance.py:1239} INFO - Starting attempt 1 of 1
[2022-05-06 11:16:31,995] {taskinstance.py:1240} INFO - 
--------------------------------------------------------------------------------
[2022-05-06 11:16:32,003] {taskinstance.py:1259} INFO - Executing <Task(BashOperator): task_4> on 2022-05-02 00:00:00+00:00
[2022-05-06 11:16:32,005] {standard_task_runner.py:52} INFO - Started process 1464925 to run task
[2022-05-06 11:16:32,006] {standard_task_runner.py:76} INFO - Running: ['airflow', 'tasks', 'run', 'parallel_dag', 'task_4', 'scheduled__2022-05-02T00:00:00+00:00', '--job-id', '36', '--raw', '--subdir', '/home/sanjeev/Documents/SubDAGs/dags/paralle_processing.py', '--cfg-path', '/tmp/tmpdrhqnpgi', '--error-file', '/tmp/tmpsdo00eh9']
[2022-05-06 11:16:32,006] {standard_task_runner.py:77} INFO - Job 36: Subtask task_4
[2022-05-06 11:16:32,035] {logging_mixin.py:109} INFO - Running <TaskInstance: parallel_dag.task_4 scheduled__2022-05-02T00:00:00+00:00 [running]> on host kumar
[2022-05-06 11:16:32,067] {taskinstance.py:1424} INFO - Exporting the following env vars:
AIRFLOW_CTX_DAG_OWNER=airflow
AIRFLOW_CTX_DAG_ID=parallel_dag
AIRFLOW_CTX_TASK_ID=task_4
AIRFLOW_CTX_EXECUTION_DATE=2022-05-02T00:00:00+00:00
AIRFLOW_CTX_DAG_RUN_ID=scheduled__2022-05-02T00:00:00+00:00
[2022-05-06 11:16:32,067] {subprocess.py:62} INFO - Tmp dir root location: 
 /tmp
[2022-05-06 11:16:32,067] {subprocess.py:74} INFO - Running command: ['bash', '-c', 'sleep 4']
[2022-05-06 11:16:32,071] {subprocess.py:85} INFO - Output:
[2022-05-06 11:16:36,072] {subprocess.py:93} INFO - Command exited with return code 0
[2022-05-06 11:16:36,109] {taskinstance.py:1267} INFO - Marking task as SUCCESS. dag_id=parallel_dag, task_id=task_4, execution_date=20220502T000000, start_date=20220506T054631, end_date=20220506T054636
[2022-05-06 11:16:36,156] {local_task_job.py:154} INFO - Task exited with return code 0
[2022-05-06 11:16:36,170] {local_task_job.py:264} INFO - 0 downstream tasks scheduled from follow-on schedule check
[2022-05-06 11:31:37,575] {taskinstance.py:1032} INFO - Dependencies all met for <TaskInstance: parallel_dag.task_4 scheduled__2022-05-02T00:00:00+00:00 [queued]>
[2022-05-06 11:31:37,597] {taskinstance.py:1032} INFO - Dependencies all met for <TaskInstance: parallel_dag.task_4 scheduled__2022-05-02T00:00:00+00:00 [queued]>
[2022-05-06 11:31:37,597] {taskinstance.py:1238} INFO - 
--------------------------------------------------------------------------------
[2022-05-06 11:31:37,597] {taskinstance.py:1239} INFO - Starting attempt 1 of 1
[2022-05-06 11:31:37,597] {taskinstance.py:1240} INFO - 
--------------------------------------------------------------------------------
[2022-05-06 11:31:37,623] {taskinstance.py:1259} INFO - Executing <Task(BashOperator): task_4> on 2022-05-02 00:00:00+00:00
[2022-05-06 11:31:37,629] {standard_task_runner.py:52} INFO - Started process 1469302 to run task
[2022-05-06 11:31:37,640] {standard_task_runner.py:76} INFO - Running: ['airflow', 'tasks', 'run', 'parallel_dag', 'task_4', 'scheduled__2022-05-02T00:00:00+00:00', '--job-id', '29', '--raw', '--subdir', '/home/sanjeev/Documents/SubDAGs/dags/paralle_processing.py', '--cfg-path', '/tmp/tmpf2ga89r3', '--error-file', '/tmp/tmp0uhciczn']
[2022-05-06 11:31:37,641] {standard_task_runner.py:77} INFO - Job 29: Subtask task_4
[2022-05-06 11:31:37,823] {logging_mixin.py:109} INFO - Running <TaskInstance: parallel_dag.task_4 scheduled__2022-05-02T00:00:00+00:00 [running]> on host kumar
[2022-05-06 11:31:37,963] {taskinstance.py:1424} INFO - Exporting the following env vars:
AIRFLOW_CTX_DAG_OWNER=airflow
AIRFLOW_CTX_DAG_ID=parallel_dag
AIRFLOW_CTX_TASK_ID=task_4
AIRFLOW_CTX_EXECUTION_DATE=2022-05-02T00:00:00+00:00
AIRFLOW_CTX_DAG_RUN_ID=scheduled__2022-05-02T00:00:00+00:00
[2022-05-06 11:31:37,963] {subprocess.py:62} INFO - Tmp dir root location: 
 /tmp
[2022-05-06 11:31:37,964] {subprocess.py:74} INFO - Running command: ['bash', '-c', 'sleep 4']
[2022-05-06 11:31:37,977] {subprocess.py:85} INFO - Output:
[2022-05-06 11:31:41,980] {subprocess.py:93} INFO - Command exited with return code 0
[2022-05-06 11:31:42,100] {taskinstance.py:1267} INFO - Marking task as SUCCESS. dag_id=parallel_dag, task_id=task_4, execution_date=20220502T000000, start_date=20220506T060137, end_date=20220506T060142
[2022-05-06 11:31:42,147] {local_task_job.py:154} INFO - Task exited with return code 0
[2022-05-06 11:31:42,240] {local_task_job.py:264} INFO - 0 downstream tasks scheduled from follow-on schedule check
