[2022-05-06 11:14:51,711] {taskinstance.py:1032} INFO - Dependencies all met for <TaskInstance: parallel_dag.task_2 scheduled__2022-04-30T00:00:00+00:00 [queued]>
[2022-05-06 11:14:51,715] {taskinstance.py:1032} INFO - Dependencies all met for <TaskInstance: parallel_dag.task_2 scheduled__2022-04-30T00:00:00+00:00 [queued]>
[2022-05-06 11:14:51,715] {taskinstance.py:1238} INFO - 
--------------------------------------------------------------------------------
[2022-05-06 11:14:51,715] {taskinstance.py:1239} INFO - Starting attempt 1 of 1
[2022-05-06 11:14:51,715] {taskinstance.py:1240} INFO - 
--------------------------------------------------------------------------------
[2022-05-06 11:14:51,722] {taskinstance.py:1259} INFO - Executing <Task(BashOperator): task_2> on 2022-04-30 00:00:00+00:00
[2022-05-06 11:14:51,724] {standard_task_runner.py:52} INFO - Started process 1464745 to run task
[2022-05-06 11:14:51,726] {standard_task_runner.py:76} INFO - Running: ['airflow', 'tasks', 'run', 'parallel_dag', 'task_2', 'scheduled__2022-04-30T00:00:00+00:00', '--job-id', '18', '--raw', '--subdir', '/home/sanjeev/Documents/SubDAGs/dags/paralle_processing.py', '--cfg-path', '/tmp/tmpfc11ale1', '--error-file', '/tmp/tmpzxtlhfs4']
[2022-05-06 11:14:51,726] {standard_task_runner.py:77} INFO - Job 18: Subtask task_2
[2022-05-06 11:14:51,754] {logging_mixin.py:109} INFO - Running <TaskInstance: parallel_dag.task_2 scheduled__2022-04-30T00:00:00+00:00 [running]> on host kumar
[2022-05-06 11:14:51,810] {taskinstance.py:1424} INFO - Exporting the following env vars:
AIRFLOW_CTX_DAG_OWNER=airflow
AIRFLOW_CTX_DAG_ID=parallel_dag
AIRFLOW_CTX_TASK_ID=task_2
AIRFLOW_CTX_EXECUTION_DATE=2022-04-30T00:00:00+00:00
AIRFLOW_CTX_DAG_RUN_ID=scheduled__2022-04-30T00:00:00+00:00
[2022-05-06 11:14:51,810] {subprocess.py:62} INFO - Tmp dir root location: 
 /tmp
[2022-05-06 11:14:51,811] {subprocess.py:74} INFO - Running command: ['bash', '-c', 'sleep 4']
[2022-05-06 11:14:51,814] {subprocess.py:85} INFO - Output:
[2022-05-06 11:14:55,816] {subprocess.py:93} INFO - Command exited with return code 0
[2022-05-06 11:14:55,850] {taskinstance.py:1267} INFO - Marking task as SUCCESS. dag_id=parallel_dag, task_id=task_2, execution_date=20220430T000000, start_date=20220506T054451, end_date=20220506T054455
[2022-05-06 11:14:55,873] {local_task_job.py:154} INFO - Task exited with return code 0
[2022-05-06 11:14:55,893] {local_task_job.py:264} INFO - 1 downstream tasks scheduled from follow-on schedule check
[2022-05-06 11:31:30,613] {taskinstance.py:1032} INFO - Dependencies all met for <TaskInstance: parallel_dag.task_2 scheduled__2022-04-30T00:00:00+00:00 [queued]>
[2022-05-06 11:31:30,629] {taskinstance.py:1032} INFO - Dependencies all met for <TaskInstance: parallel_dag.task_2 scheduled__2022-04-30T00:00:00+00:00 [queued]>
[2022-05-06 11:31:30,629] {taskinstance.py:1238} INFO - 
--------------------------------------------------------------------------------
[2022-05-06 11:31:30,629] {taskinstance.py:1239} INFO - Starting attempt 1 of 1
[2022-05-06 11:31:30,629] {taskinstance.py:1240} INFO - 
--------------------------------------------------------------------------------
[2022-05-06 11:31:30,655] {taskinstance.py:1259} INFO - Executing <Task(BashOperator): task_2> on 2022-04-30 00:00:00+00:00
[2022-05-06 11:31:30,659] {standard_task_runner.py:52} INFO - Started process 1468507 to run task
[2022-05-06 11:31:30,661] {standard_task_runner.py:76} INFO - Running: ['airflow', 'tasks', 'run', 'parallel_dag', 'task_2', 'scheduled__2022-04-30T00:00:00+00:00', '--job-id', '15', '--raw', '--subdir', '/home/sanjeev/Documents/SubDAGs/dags/paralle_processing.py', '--cfg-path', '/tmp/tmpd97o0j3g', '--error-file', '/tmp/tmp1x4545pz']
[2022-05-06 11:31:30,662] {standard_task_runner.py:77} INFO - Job 15: Subtask task_2
[2022-05-06 11:31:30,781] {logging_mixin.py:109} INFO - Running <TaskInstance: parallel_dag.task_2 scheduled__2022-04-30T00:00:00+00:00 [running]> on host kumar
[2022-05-06 11:31:30,954] {taskinstance.py:1424} INFO - Exporting the following env vars:
AIRFLOW_CTX_DAG_OWNER=airflow
AIRFLOW_CTX_DAG_ID=parallel_dag
AIRFLOW_CTX_TASK_ID=task_2
AIRFLOW_CTX_EXECUTION_DATE=2022-04-30T00:00:00+00:00
AIRFLOW_CTX_DAG_RUN_ID=scheduled__2022-04-30T00:00:00+00:00
[2022-05-06 11:31:30,954] {subprocess.py:62} INFO - Tmp dir root location: 
 /tmp
[2022-05-06 11:31:30,955] {subprocess.py:74} INFO - Running command: ['bash', '-c', 'sleep 4']
[2022-05-06 11:31:30,979] {subprocess.py:85} INFO - Output:
[2022-05-06 11:31:34,985] {subprocess.py:93} INFO - Command exited with return code 0
[2022-05-06 11:31:35,019] {taskinstance.py:1267} INFO - Marking task as SUCCESS. dag_id=parallel_dag, task_id=task_2, execution_date=20220430T000000, start_date=20220506T060130, end_date=20220506T060135
[2022-05-06 11:31:35,029] {local_task_job.py:154} INFO - Task exited with return code 0
[2022-05-06 11:31:35,077] {local_task_job.py:264} INFO - 0 downstream tasks scheduled from follow-on schedule check
