[2022-05-06 11:14:00,902] {taskinstance.py:1032} INFO - Dependencies all met for <TaskInstance: parallel_dag.task_3 scheduled__2022-04-29T00:00:00+00:00 [queued]>
[2022-05-06 11:14:00,905] {taskinstance.py:1032} INFO - Dependencies all met for <TaskInstance: parallel_dag.task_3 scheduled__2022-04-29T00:00:00+00:00 [queued]>
[2022-05-06 11:14:00,905] {taskinstance.py:1238} INFO - 
--------------------------------------------------------------------------------
[2022-05-06 11:14:00,905] {taskinstance.py:1239} INFO - Starting attempt 1 of 1
[2022-05-06 11:14:00,905] {taskinstance.py:1240} INFO - 
--------------------------------------------------------------------------------
[2022-05-06 11:14:00,912] {taskinstance.py:1259} INFO - Executing <Task(BashOperator): task_3> on 2022-04-29 00:00:00+00:00
[2022-05-06 11:14:00,914] {standard_task_runner.py:52} INFO - Started process 1464639 to run task
[2022-05-06 11:14:00,916] {standard_task_runner.py:76} INFO - Running: ['airflow', 'tasks', 'run', 'parallel_dag', 'task_3', 'scheduled__2022-04-29T00:00:00+00:00', '--job-id', '13', '--raw', '--subdir', '/home/sanjeev/Documents/SubDAGs/dags/paralle_processing.py', '--cfg-path', '/tmp/tmpmx6dwnrj', '--error-file', '/tmp/tmp6s905wyg']
[2022-05-06 11:14:00,916] {standard_task_runner.py:77} INFO - Job 13: Subtask task_3
[2022-05-06 11:14:00,948] {logging_mixin.py:109} INFO - Running <TaskInstance: parallel_dag.task_3 scheduled__2022-04-29T00:00:00+00:00 [running]> on host kumar
[2022-05-06 11:14:00,980] {taskinstance.py:1424} INFO - Exporting the following env vars:
AIRFLOW_CTX_DAG_OWNER=airflow
AIRFLOW_CTX_DAG_ID=parallel_dag
AIRFLOW_CTX_TASK_ID=task_3
AIRFLOW_CTX_EXECUTION_DATE=2022-04-29T00:00:00+00:00
AIRFLOW_CTX_DAG_RUN_ID=scheduled__2022-04-29T00:00:00+00:00
[2022-05-06 11:14:00,980] {subprocess.py:62} INFO - Tmp dir root location: 
 /tmp
[2022-05-06 11:14:00,980] {subprocess.py:74} INFO - Running command: ['bash', '-c', 'sleep 5']
[2022-05-06 11:14:00,983] {subprocess.py:85} INFO - Output:
[2022-05-06 11:14:05,985] {subprocess.py:93} INFO - Command exited with return code 0
[2022-05-06 11:14:06,004] {taskinstance.py:1267} INFO - Marking task as SUCCESS. dag_id=parallel_dag, task_id=task_3, execution_date=20220429T000000, start_date=20220506T054400, end_date=20220506T054406
[2022-05-06 11:14:06,036] {local_task_job.py:154} INFO - Task exited with return code 0
[2022-05-06 11:14:06,048] {local_task_job.py:264} INFO - 0 downstream tasks scheduled from follow-on schedule check
[2022-05-06 11:31:29,962] {taskinstance.py:1032} INFO - Dependencies all met for <TaskInstance: parallel_dag.task_3 scheduled__2022-04-29T00:00:00+00:00 [queued]>
[2022-05-06 11:31:29,971] {taskinstance.py:1032} INFO - Dependencies all met for <TaskInstance: parallel_dag.task_3 scheduled__2022-04-29T00:00:00+00:00 [queued]>
[2022-05-06 11:31:29,971] {taskinstance.py:1238} INFO - 
--------------------------------------------------------------------------------
[2022-05-06 11:31:29,971] {taskinstance.py:1239} INFO - Starting attempt 1 of 1
[2022-05-06 11:31:29,971] {taskinstance.py:1240} INFO - 
--------------------------------------------------------------------------------
[2022-05-06 11:31:30,022] {taskinstance.py:1259} INFO - Executing <Task(BashOperator): task_3> on 2022-04-29 00:00:00+00:00
[2022-05-06 11:31:30,032] {standard_task_runner.py:52} INFO - Started process 1468432 to run task
[2022-05-06 11:31:30,035] {standard_task_runner.py:76} INFO - Running: ['airflow', 'tasks', 'run', 'parallel_dag', 'task_3', 'scheduled__2022-04-29T00:00:00+00:00', '--job-id', '13', '--raw', '--subdir', '/home/sanjeev/Documents/SubDAGs/dags/paralle_processing.py', '--cfg-path', '/tmp/tmpp17plvmd', '--error-file', '/tmp/tmpg2c2nmbh']
[2022-05-06 11:31:30,036] {standard_task_runner.py:77} INFO - Job 13: Subtask task_3
[2022-05-06 11:31:30,206] {logging_mixin.py:109} INFO - Running <TaskInstance: parallel_dag.task_3 scheduled__2022-04-29T00:00:00+00:00 [running]> on host kumar
[2022-05-06 11:31:30,376] {taskinstance.py:1424} INFO - Exporting the following env vars:
AIRFLOW_CTX_DAG_OWNER=airflow
AIRFLOW_CTX_DAG_ID=parallel_dag
AIRFLOW_CTX_TASK_ID=task_3
AIRFLOW_CTX_EXECUTION_DATE=2022-04-29T00:00:00+00:00
AIRFLOW_CTX_DAG_RUN_ID=scheduled__2022-04-29T00:00:00+00:00
[2022-05-06 11:31:30,379] {subprocess.py:62} INFO - Tmp dir root location: 
 /tmp
[2022-05-06 11:31:30,381] {subprocess.py:74} INFO - Running command: ['bash', '-c', 'sleep 5']
[2022-05-06 11:31:30,389] {subprocess.py:85} INFO - Output:
[2022-05-06 11:31:35,391] {subprocess.py:93} INFO - Command exited with return code 0
[2022-05-06 11:31:35,431] {taskinstance.py:1267} INFO - Marking task as SUCCESS. dag_id=parallel_dag, task_id=task_3, execution_date=20220429T000000, start_date=20220506T060129, end_date=20220506T060135
[2022-05-06 11:31:35,457] {local_task_job.py:154} INFO - Task exited with return code 0
[2022-05-06 11:31:35,633] {local_task_job.py:264} INFO - 0 downstream tasks scheduled from follow-on schedule check
