[2022-05-06 11:15:12,882] {taskinstance.py:1032} INFO - Dependencies all met for <TaskInstance: parallel_dag.task_3 scheduled__2022-04-30T00:00:00+00:00 [queued]>
[2022-05-06 11:15:12,886] {taskinstance.py:1032} INFO - Dependencies all met for <TaskInstance: parallel_dag.task_3 scheduled__2022-04-30T00:00:00+00:00 [queued]>
[2022-05-06 11:15:12,886] {taskinstance.py:1238} INFO - 
--------------------------------------------------------------------------------
[2022-05-06 11:15:12,886] {taskinstance.py:1239} INFO - Starting attempt 1 of 1
[2022-05-06 11:15:12,886] {taskinstance.py:1240} INFO - 
--------------------------------------------------------------------------------
[2022-05-06 11:15:12,892] {taskinstance.py:1259} INFO - Executing <Task(BashOperator): task_3> on 2022-04-30 00:00:00+00:00
[2022-05-06 11:15:12,894] {standard_task_runner.py:52} INFO - Started process 1464785 to run task
[2022-05-06 11:15:12,895] {standard_task_runner.py:76} INFO - Running: ['airflow', 'tasks', 'run', 'parallel_dag', 'task_3', 'scheduled__2022-04-30T00:00:00+00:00', '--job-id', '22', '--raw', '--subdir', '/home/sanjeev/Documents/SubDAGs/dags/paralle_processing.py', '--cfg-path', '/tmp/tmpszzoighy', '--error-file', '/tmp/tmptv9gnljy']
[2022-05-06 11:15:12,896] {standard_task_runner.py:77} INFO - Job 22: Subtask task_3
[2022-05-06 11:15:12,926] {logging_mixin.py:109} INFO - Running <TaskInstance: parallel_dag.task_3 scheduled__2022-04-30T00:00:00+00:00 [running]> on host kumar
[2022-05-06 11:15:12,995] {taskinstance.py:1424} INFO - Exporting the following env vars:
AIRFLOW_CTX_DAG_OWNER=airflow
AIRFLOW_CTX_DAG_ID=parallel_dag
AIRFLOW_CTX_TASK_ID=task_3
AIRFLOW_CTX_EXECUTION_DATE=2022-04-30T00:00:00+00:00
AIRFLOW_CTX_DAG_RUN_ID=scheduled__2022-04-30T00:00:00+00:00
[2022-05-06 11:15:12,995] {subprocess.py:62} INFO - Tmp dir root location: 
 /tmp
[2022-05-06 11:15:12,996] {subprocess.py:74} INFO - Running command: ['bash', '-c', 'sleep 5']
[2022-05-06 11:15:13,000] {subprocess.py:85} INFO - Output:
[2022-05-06 11:15:18,001] {subprocess.py:93} INFO - Command exited with return code 0
[2022-05-06 11:15:18,044] {taskinstance.py:1267} INFO - Marking task as SUCCESS. dag_id=parallel_dag, task_id=task_3, execution_date=20220430T000000, start_date=20220506T054512, end_date=20220506T054518
[2022-05-06 11:15:18,088] {local_task_job.py:154} INFO - Task exited with return code 0
[2022-05-06 11:15:18,126] {local_task_job.py:264} INFO - 1 downstream tasks scheduled from follow-on schedule check
[2022-05-06 11:31:30,558] {taskinstance.py:1032} INFO - Dependencies all met for <TaskInstance: parallel_dag.task_3 scheduled__2022-04-30T00:00:00+00:00 [queued]>
[2022-05-06 11:31:30,572] {taskinstance.py:1032} INFO - Dependencies all met for <TaskInstance: parallel_dag.task_3 scheduled__2022-04-30T00:00:00+00:00 [queued]>
[2022-05-06 11:31:30,573] {taskinstance.py:1238} INFO - 
--------------------------------------------------------------------------------
[2022-05-06 11:31:30,573] {taskinstance.py:1239} INFO - Starting attempt 1 of 1
[2022-05-06 11:31:30,573] {taskinstance.py:1240} INFO - 
--------------------------------------------------------------------------------
[2022-05-06 11:31:30,592] {taskinstance.py:1259} INFO - Executing <Task(BashOperator): task_3> on 2022-04-30 00:00:00+00:00
[2022-05-06 11:31:30,595] {standard_task_runner.py:52} INFO - Started process 1468496 to run task
[2022-05-06 11:31:30,602] {standard_task_runner.py:76} INFO - Running: ['airflow', 'tasks', 'run', 'parallel_dag', 'task_3', 'scheduled__2022-04-30T00:00:00+00:00', '--job-id', '14', '--raw', '--subdir', '/home/sanjeev/Documents/SubDAGs/dags/paralle_processing.py', '--cfg-path', '/tmp/tmpzhovo8v9', '--error-file', '/tmp/tmppsg_jj1l']
[2022-05-06 11:31:30,603] {standard_task_runner.py:77} INFO - Job 14: Subtask task_3
[2022-05-06 11:31:30,759] {logging_mixin.py:109} INFO - Running <TaskInstance: parallel_dag.task_3 scheduled__2022-04-30T00:00:00+00:00 [running]> on host kumar
[2022-05-06 11:31:30,943] {taskinstance.py:1424} INFO - Exporting the following env vars:
AIRFLOW_CTX_DAG_OWNER=airflow
AIRFLOW_CTX_DAG_ID=parallel_dag
AIRFLOW_CTX_TASK_ID=task_3
AIRFLOW_CTX_EXECUTION_DATE=2022-04-30T00:00:00+00:00
AIRFLOW_CTX_DAG_RUN_ID=scheduled__2022-04-30T00:00:00+00:00
[2022-05-06 11:31:30,944] {subprocess.py:62} INFO - Tmp dir root location: 
 /tmp
[2022-05-06 11:31:30,945] {subprocess.py:74} INFO - Running command: ['bash', '-c', 'sleep 5']
[2022-05-06 11:31:30,966] {subprocess.py:85} INFO - Output:
[2022-05-06 11:31:35,975] {subprocess.py:93} INFO - Command exited with return code 0
[2022-05-06 11:31:36,067] {taskinstance.py:1267} INFO - Marking task as SUCCESS. dag_id=parallel_dag, task_id=task_3, execution_date=20220430T000000, start_date=20220506T060130, end_date=20220506T060136
[2022-05-06 11:31:36,157] {local_task_job.py:154} INFO - Task exited with return code 0
[2022-05-06 11:31:36,273] {local_task_job.py:264} INFO - 1 downstream tasks scheduled from follow-on schedule check
