[2022-05-06 11:16:04,089] {taskinstance.py:1032} INFO - Dependencies all met for <TaskInstance: parallel_dag.task_3 scheduled__2022-05-02T00:00:00+00:00 [queued]>
[2022-05-06 11:16:04,093] {taskinstance.py:1032} INFO - Dependencies all met for <TaskInstance: parallel_dag.task_3 scheduled__2022-05-02T00:00:00+00:00 [queued]>
[2022-05-06 11:16:04,093] {taskinstance.py:1238} INFO - 
--------------------------------------------------------------------------------
[2022-05-06 11:16:04,093] {taskinstance.py:1239} INFO - Starting attempt 1 of 1
[2022-05-06 11:16:04,093] {taskinstance.py:1240} INFO - 
--------------------------------------------------------------------------------
[2022-05-06 11:16:04,100] {taskinstance.py:1259} INFO - Executing <Task(BashOperator): task_3> on 2022-05-02 00:00:00+00:00
[2022-05-06 11:16:04,101] {standard_task_runner.py:52} INFO - Started process 1464877 to run task
[2022-05-06 11:16:04,103] {standard_task_runner.py:76} INFO - Running: ['airflow', 'tasks', 'run', 'parallel_dag', 'task_3', 'scheduled__2022-05-02T00:00:00+00:00', '--job-id', '31', '--raw', '--subdir', '/home/sanjeev/Documents/SubDAGs/dags/paralle_processing.py', '--cfg-path', '/tmp/tmpshv1rp1i', '--error-file', '/tmp/tmpo98qh94_']
[2022-05-06 11:16:04,103] {standard_task_runner.py:77} INFO - Job 31: Subtask task_3
[2022-05-06 11:16:04,131] {logging_mixin.py:109} INFO - Running <TaskInstance: parallel_dag.task_3 scheduled__2022-05-02T00:00:00+00:00 [running]> on host kumar
[2022-05-06 11:16:04,194] {taskinstance.py:1424} INFO - Exporting the following env vars:
AIRFLOW_CTX_DAG_OWNER=airflow
AIRFLOW_CTX_DAG_ID=parallel_dag
AIRFLOW_CTX_TASK_ID=task_3
AIRFLOW_CTX_EXECUTION_DATE=2022-05-02T00:00:00+00:00
AIRFLOW_CTX_DAG_RUN_ID=scheduled__2022-05-02T00:00:00+00:00
[2022-05-06 11:16:04,194] {subprocess.py:62} INFO - Tmp dir root location: 
 /tmp
[2022-05-06 11:16:04,194] {subprocess.py:74} INFO - Running command: ['bash', '-c', 'sleep 5']
[2022-05-06 11:16:04,198] {subprocess.py:85} INFO - Output:
[2022-05-06 11:16:09,200] {subprocess.py:93} INFO - Command exited with return code 0
[2022-05-06 11:16:09,234] {taskinstance.py:1267} INFO - Marking task as SUCCESS. dag_id=parallel_dag, task_id=task_3, execution_date=20220502T000000, start_date=20220506T054604, end_date=20220506T054609
[2022-05-06 11:16:09,258] {local_task_job.py:154} INFO - Task exited with return code 0
[2022-05-06 11:16:09,273] {local_task_job.py:264} INFO - 1 downstream tasks scheduled from follow-on schedule check
[2022-05-06 11:31:31,528] {taskinstance.py:1032} INFO - Dependencies all met for <TaskInstance: parallel_dag.task_3 scheduled__2022-05-02T00:00:00+00:00 [queued]>
[2022-05-06 11:31:31,548] {taskinstance.py:1032} INFO - Dependencies all met for <TaskInstance: parallel_dag.task_3 scheduled__2022-05-02T00:00:00+00:00 [queued]>
[2022-05-06 11:31:31,548] {taskinstance.py:1238} INFO - 
--------------------------------------------------------------------------------
[2022-05-06 11:31:31,548] {taskinstance.py:1239} INFO - Starting attempt 1 of 1
[2022-05-06 11:31:31,548] {taskinstance.py:1240} INFO - 
--------------------------------------------------------------------------------
[2022-05-06 11:31:31,570] {taskinstance.py:1259} INFO - Executing <Task(BashOperator): task_3> on 2022-05-02 00:00:00+00:00
[2022-05-06 11:31:31,594] {standard_task_runner.py:52} INFO - Started process 1468640 to run task
[2022-05-06 11:31:31,598] {standard_task_runner.py:76} INFO - Running: ['airflow', 'tasks', 'run', 'parallel_dag', 'task_3', 'scheduled__2022-05-02T00:00:00+00:00', '--job-id', '21', '--raw', '--subdir', '/home/sanjeev/Documents/SubDAGs/dags/paralle_processing.py', '--cfg-path', '/tmp/tmp6zsbsg8u', '--error-file', '/tmp/tmpbaz5ehbs']
[2022-05-06 11:31:31,599] {standard_task_runner.py:77} INFO - Job 21: Subtask task_3
[2022-05-06 11:31:31,784] {logging_mixin.py:109} INFO - Running <TaskInstance: parallel_dag.task_3 scheduled__2022-05-02T00:00:00+00:00 [running]> on host kumar
[2022-05-06 11:31:31,982] {taskinstance.py:1424} INFO - Exporting the following env vars:
AIRFLOW_CTX_DAG_OWNER=airflow
AIRFLOW_CTX_DAG_ID=parallel_dag
AIRFLOW_CTX_TASK_ID=task_3
AIRFLOW_CTX_EXECUTION_DATE=2022-05-02T00:00:00+00:00
AIRFLOW_CTX_DAG_RUN_ID=scheduled__2022-05-02T00:00:00+00:00
[2022-05-06 11:31:31,984] {subprocess.py:62} INFO - Tmp dir root location: 
 /tmp
[2022-05-06 11:31:31,985] {subprocess.py:74} INFO - Running command: ['bash', '-c', 'sleep 5']
[2022-05-06 11:31:32,002] {subprocess.py:85} INFO - Output:
[2022-05-06 11:31:37,004] {subprocess.py:93} INFO - Command exited with return code 0
[2022-05-06 11:31:37,035] {taskinstance.py:1267} INFO - Marking task as SUCCESS. dag_id=parallel_dag, task_id=task_3, execution_date=20220502T000000, start_date=20220506T060131, end_date=20220506T060137
[2022-05-06 11:31:37,081] {local_task_job.py:154} INFO - Task exited with return code 0
[2022-05-06 11:31:37,128] {local_task_job.py:264} INFO - 1 downstream tasks scheduled from follow-on schedule check
