[2022-05-06 11:13:50,350] {taskinstance.py:1032} INFO - Dependencies all met for <TaskInstance: parallel_dag.task_1 scheduled__2022-04-29T00:00:00+00:00 [queued]>
[2022-05-06 11:13:50,354] {taskinstance.py:1032} INFO - Dependencies all met for <TaskInstance: parallel_dag.task_1 scheduled__2022-04-29T00:00:00+00:00 [queued]>
[2022-05-06 11:13:50,354] {taskinstance.py:1238} INFO - 
--------------------------------------------------------------------------------
[2022-05-06 11:13:50,354] {taskinstance.py:1239} INFO - Starting attempt 1 of 1
[2022-05-06 11:13:50,355] {taskinstance.py:1240} INFO - 
--------------------------------------------------------------------------------
[2022-05-06 11:13:50,364] {taskinstance.py:1259} INFO - Executing <Task(BashOperator): task_1> on 2022-04-29 00:00:00+00:00
[2022-05-06 11:13:50,365] {standard_task_runner.py:52} INFO - Started process 1464620 to run task
[2022-05-06 11:13:50,367] {standard_task_runner.py:76} INFO - Running: ['airflow', 'tasks', 'run', 'parallel_dag', 'task_1', 'scheduled__2022-04-29T00:00:00+00:00', '--job-id', '11', '--raw', '--subdir', '/home/sanjeev/Documents/SubDAGs/dags/paralle_processing.py', '--cfg-path', '/tmp/tmp1cms4yma', '--error-file', '/tmp/tmpt63kgkey']
[2022-05-06 11:13:50,367] {standard_task_runner.py:77} INFO - Job 11: Subtask task_1
[2022-05-06 11:13:50,397] {logging_mixin.py:109} INFO - Running <TaskInstance: parallel_dag.task_1 scheduled__2022-04-29T00:00:00+00:00 [running]> on host kumar
[2022-05-06 11:13:50,449] {taskinstance.py:1424} INFO - Exporting the following env vars:
AIRFLOW_CTX_DAG_OWNER=airflow
AIRFLOW_CTX_DAG_ID=parallel_dag
AIRFLOW_CTX_TASK_ID=task_1
AIRFLOW_CTX_EXECUTION_DATE=2022-04-29T00:00:00+00:00
AIRFLOW_CTX_DAG_RUN_ID=scheduled__2022-04-29T00:00:00+00:00
[2022-05-06 11:13:50,449] {subprocess.py:62} INFO - Tmp dir root location: 
 /tmp
[2022-05-06 11:13:50,450] {subprocess.py:74} INFO - Running command: ['bash', '-c', 'sleep 4']
[2022-05-06 11:13:50,454] {subprocess.py:85} INFO - Output:
[2022-05-06 11:13:54,455] {subprocess.py:93} INFO - Command exited with return code 0
[2022-05-06 11:13:54,493] {taskinstance.py:1267} INFO - Marking task as SUCCESS. dag_id=parallel_dag, task_id=task_1, execution_date=20220429T000000, start_date=20220506T054350, end_date=20220506T054354
[2022-05-06 11:13:54,516] {local_task_job.py:154} INFO - Task exited with return code 0
[2022-05-06 11:13:54,526] {local_task_job.py:264} INFO - 0 downstream tasks scheduled from follow-on schedule check
[2022-05-06 11:31:24,729] {taskinstance.py:1032} INFO - Dependencies all met for <TaskInstance: parallel_dag.task_1 scheduled__2022-04-29T00:00:00+00:00 [queued]>
[2022-05-06 11:31:24,750] {taskinstance.py:1032} INFO - Dependencies all met for <TaskInstance: parallel_dag.task_1 scheduled__2022-04-29T00:00:00+00:00 [queued]>
[2022-05-06 11:31:24,751] {taskinstance.py:1238} INFO - 
--------------------------------------------------------------------------------
[2022-05-06 11:31:24,751] {taskinstance.py:1239} INFO - Starting attempt 1 of 1
[2022-05-06 11:31:24,751] {taskinstance.py:1240} INFO - 
--------------------------------------------------------------------------------
[2022-05-06 11:31:24,761] {taskinstance.py:1259} INFO - Executing <Task(BashOperator): task_1> on 2022-04-29 00:00:00+00:00
[2022-05-06 11:31:24,765] {standard_task_runner.py:52} INFO - Started process 1467967 to run task
[2022-05-06 11:31:24,775] {standard_task_runner.py:76} INFO - Running: ['airflow', 'tasks', 'run', 'parallel_dag', 'task_1', 'scheduled__2022-04-29T00:00:00+00:00', '--job-id', '3', '--raw', '--subdir', '/home/sanjeev/Documents/SubDAGs/dags/paralle_processing.py', '--cfg-path', '/tmp/tmp0y_ur7df', '--error-file', '/tmp/tmpqmo0qyzf']
[2022-05-06 11:31:24,778] {standard_task_runner.py:77} INFO - Job 3: Subtask task_1
[2022-05-06 11:31:24,862] {logging_mixin.py:109} INFO - Running <TaskInstance: parallel_dag.task_1 scheduled__2022-04-29T00:00:00+00:00 [running]> on host kumar
[2022-05-06 11:31:24,939] {taskinstance.py:1424} INFO - Exporting the following env vars:
AIRFLOW_CTX_DAG_OWNER=airflow
AIRFLOW_CTX_DAG_ID=parallel_dag
AIRFLOW_CTX_TASK_ID=task_1
AIRFLOW_CTX_EXECUTION_DATE=2022-04-29T00:00:00+00:00
AIRFLOW_CTX_DAG_RUN_ID=scheduled__2022-04-29T00:00:00+00:00
[2022-05-06 11:31:24,940] {subprocess.py:62} INFO - Tmp dir root location: 
 /tmp
[2022-05-06 11:31:24,940] {subprocess.py:74} INFO - Running command: ['bash', '-c', 'sleep 4']
[2022-05-06 11:31:24,949] {subprocess.py:85} INFO - Output:
[2022-05-06 11:31:28,951] {subprocess.py:93} INFO - Command exited with return code 0
[2022-05-06 11:31:29,127] {taskinstance.py:1267} INFO - Marking task as SUCCESS. dag_id=parallel_dag, task_id=task_1, execution_date=20220429T000000, start_date=20220506T060124, end_date=20220506T060129
[2022-05-06 11:31:29,166] {local_task_job.py:154} INFO - Task exited with return code 0
[2022-05-06 11:31:29,494] {local_task_job.py:264} INFO - 0 downstream tasks scheduled from follow-on schedule check
