[2022-05-06 11:15:36,682] {taskinstance.py:1032} INFO - Dependencies all met for <TaskInstance: parallel_dag.task_3 scheduled__2022-05-01T00:00:00+00:00 [queued]>
[2022-05-06 11:15:36,685] {taskinstance.py:1032} INFO - Dependencies all met for <TaskInstance: parallel_dag.task_3 scheduled__2022-05-01T00:00:00+00:00 [queued]>
[2022-05-06 11:15:36,686] {taskinstance.py:1238} INFO - 
--------------------------------------------------------------------------------
[2022-05-06 11:15:36,686] {taskinstance.py:1239} INFO - Starting attempt 1 of 1
[2022-05-06 11:15:36,686] {taskinstance.py:1240} INFO - 
--------------------------------------------------------------------------------
[2022-05-06 11:15:36,692] {taskinstance.py:1259} INFO - Executing <Task(BashOperator): task_3> on 2022-05-01 00:00:00+00:00
[2022-05-06 11:15:36,694] {standard_task_runner.py:52} INFO - Started process 1464821 to run task
[2022-05-06 11:15:36,695] {standard_task_runner.py:76} INFO - Running: ['airflow', 'tasks', 'run', 'parallel_dag', 'task_3', 'scheduled__2022-05-01T00:00:00+00:00', '--job-id', '26', '--raw', '--subdir', '/home/sanjeev/Documents/SubDAGs/dags/paralle_processing.py', '--cfg-path', '/tmp/tmpynfg94jx', '--error-file', '/tmp/tmpq78j4ddx']
[2022-05-06 11:15:36,696] {standard_task_runner.py:77} INFO - Job 26: Subtask task_3
[2022-05-06 11:15:36,720] {logging_mixin.py:109} INFO - Running <TaskInstance: parallel_dag.task_3 scheduled__2022-05-01T00:00:00+00:00 [running]> on host kumar
[2022-05-06 11:15:36,752] {taskinstance.py:1424} INFO - Exporting the following env vars:
AIRFLOW_CTX_DAG_OWNER=airflow
AIRFLOW_CTX_DAG_ID=parallel_dag
AIRFLOW_CTX_TASK_ID=task_3
AIRFLOW_CTX_EXECUTION_DATE=2022-05-01T00:00:00+00:00
AIRFLOW_CTX_DAG_RUN_ID=scheduled__2022-05-01T00:00:00+00:00
[2022-05-06 11:15:36,752] {subprocess.py:62} INFO - Tmp dir root location: 
 /tmp
[2022-05-06 11:15:36,752] {subprocess.py:74} INFO - Running command: ['bash', '-c', 'sleep 5']
[2022-05-06 11:15:36,755] {subprocess.py:85} INFO - Output:
[2022-05-06 11:15:41,757] {subprocess.py:93} INFO - Command exited with return code 0
[2022-05-06 11:15:41,784] {taskinstance.py:1267} INFO - Marking task as SUCCESS. dag_id=parallel_dag, task_id=task_3, execution_date=20220501T000000, start_date=20220506T054536, end_date=20220506T054541
[2022-05-06 11:15:41,820] {local_task_job.py:154} INFO - Task exited with return code 0
[2022-05-06 11:15:41,837] {local_task_job.py:264} INFO - 1 downstream tasks scheduled from follow-on schedule check
[2022-05-06 11:31:30,895] {taskinstance.py:1032} INFO - Dependencies all met for <TaskInstance: parallel_dag.task_3 scheduled__2022-05-01T00:00:00+00:00 [queued]>
[2022-05-06 11:31:30,944] {taskinstance.py:1032} INFO - Dependencies all met for <TaskInstance: parallel_dag.task_3 scheduled__2022-05-01T00:00:00+00:00 [queued]>
[2022-05-06 11:31:30,944] {taskinstance.py:1238} INFO - 
--------------------------------------------------------------------------------
[2022-05-06 11:31:30,944] {taskinstance.py:1239} INFO - Starting attempt 1 of 1
[2022-05-06 11:31:30,944] {taskinstance.py:1240} INFO - 
--------------------------------------------------------------------------------
[2022-05-06 11:31:30,974] {taskinstance.py:1259} INFO - Executing <Task(BashOperator): task_3> on 2022-05-01 00:00:00+00:00
[2022-05-06 11:31:30,985] {standard_task_runner.py:52} INFO - Started process 1468551 to run task
[2022-05-06 11:31:30,996] {standard_task_runner.py:76} INFO - Running: ['airflow', 'tasks', 'run', 'parallel_dag', 'task_3', 'scheduled__2022-05-01T00:00:00+00:00', '--job-id', '16', '--raw', '--subdir', '/home/sanjeev/Documents/SubDAGs/dags/paralle_processing.py', '--cfg-path', '/tmp/tmpopm4rfdm', '--error-file', '/tmp/tmpm11_dnor']
[2022-05-06 11:31:30,997] {standard_task_runner.py:77} INFO - Job 16: Subtask task_3
[2022-05-06 11:31:31,171] {logging_mixin.py:109} INFO - Running <TaskInstance: parallel_dag.task_3 scheduled__2022-05-01T00:00:00+00:00 [running]> on host kumar
[2022-05-06 11:31:31,405] {taskinstance.py:1424} INFO - Exporting the following env vars:
AIRFLOW_CTX_DAG_OWNER=airflow
AIRFLOW_CTX_DAG_ID=parallel_dag
AIRFLOW_CTX_TASK_ID=task_3
AIRFLOW_CTX_EXECUTION_DATE=2022-05-01T00:00:00+00:00
AIRFLOW_CTX_DAG_RUN_ID=scheduled__2022-05-01T00:00:00+00:00
[2022-05-06 11:31:31,406] {subprocess.py:62} INFO - Tmp dir root location: 
 /tmp
[2022-05-06 11:31:31,406] {subprocess.py:74} INFO - Running command: ['bash', '-c', 'sleep 5']
[2022-05-06 11:31:31,427] {subprocess.py:85} INFO - Output:
[2022-05-06 11:31:36,430] {subprocess.py:93} INFO - Command exited with return code 0
[2022-05-06 11:31:36,468] {taskinstance.py:1267} INFO - Marking task as SUCCESS. dag_id=parallel_dag, task_id=task_3, execution_date=20220501T000000, start_date=20220506T060130, end_date=20220506T060136
[2022-05-06 11:31:36,513] {local_task_job.py:154} INFO - Task exited with return code 0
[2022-05-06 11:31:36,556] {local_task_job.py:264} INFO - 1 downstream tasks scheduled from follow-on schedule check
