[2022-05-06 11:14:46,350] {taskinstance.py:1032} INFO - Dependencies all met for <TaskInstance: parallel_dag.task_1 scheduled__2022-05-01T00:00:00+00:00 [queued]>
[2022-05-06 11:14:46,358] {taskinstance.py:1032} INFO - Dependencies all met for <TaskInstance: parallel_dag.task_1 scheduled__2022-05-01T00:00:00+00:00 [queued]>
[2022-05-06 11:14:46,358] {taskinstance.py:1238} INFO - 
--------------------------------------------------------------------------------
[2022-05-06 11:14:46,358] {taskinstance.py:1239} INFO - Starting attempt 1 of 1
[2022-05-06 11:14:46,358] {taskinstance.py:1240} INFO - 
--------------------------------------------------------------------------------
[2022-05-06 11:14:46,377] {taskinstance.py:1259} INFO - Executing <Task(BashOperator): task_1> on 2022-05-01 00:00:00+00:00
[2022-05-06 11:14:46,381] {standard_task_runner.py:52} INFO - Started process 1464735 to run task
[2022-05-06 11:14:46,383] {standard_task_runner.py:76} INFO - Running: ['airflow', 'tasks', 'run', 'parallel_dag', 'task_1', 'scheduled__2022-05-01T00:00:00+00:00', '--job-id', '17', '--raw', '--subdir', '/home/sanjeev/Documents/SubDAGs/dags/paralle_processing.py', '--cfg-path', '/tmp/tmplhwc94o8', '--error-file', '/tmp/tmpzxhdlt_y']
[2022-05-06 11:14:46,383] {standard_task_runner.py:77} INFO - Job 17: Subtask task_1
[2022-05-06 11:14:46,421] {logging_mixin.py:109} INFO - Running <TaskInstance: parallel_dag.task_1 scheduled__2022-05-01T00:00:00+00:00 [running]> on host kumar
[2022-05-06 11:14:46,461] {taskinstance.py:1424} INFO - Exporting the following env vars:
AIRFLOW_CTX_DAG_OWNER=airflow
AIRFLOW_CTX_DAG_ID=parallel_dag
AIRFLOW_CTX_TASK_ID=task_1
AIRFLOW_CTX_EXECUTION_DATE=2022-05-01T00:00:00+00:00
AIRFLOW_CTX_DAG_RUN_ID=scheduled__2022-05-01T00:00:00+00:00
[2022-05-06 11:14:46,461] {subprocess.py:62} INFO - Tmp dir root location: 
 /tmp
[2022-05-06 11:14:46,462] {subprocess.py:74} INFO - Running command: ['bash', '-c', 'sleep 4']
[2022-05-06 11:14:46,472] {subprocess.py:85} INFO - Output:
[2022-05-06 11:14:50,474] {subprocess.py:93} INFO - Command exited with return code 0
[2022-05-06 11:14:50,501] {taskinstance.py:1267} INFO - Marking task as SUCCESS. dag_id=parallel_dag, task_id=task_1, execution_date=20220501T000000, start_date=20220506T054446, end_date=20220506T054450
[2022-05-06 11:14:50,533] {local_task_job.py:154} INFO - Task exited with return code 0
[2022-05-06 11:14:50,558] {local_task_job.py:264} INFO - 1 downstream tasks scheduled from follow-on schedule check
[2022-05-06 11:31:25,480] {taskinstance.py:1032} INFO - Dependencies all met for <TaskInstance: parallel_dag.task_1 scheduled__2022-05-01T00:00:00+00:00 [queued]>
[2022-05-06 11:31:25,495] {taskinstance.py:1032} INFO - Dependencies all met for <TaskInstance: parallel_dag.task_1 scheduled__2022-05-01T00:00:00+00:00 [queued]>
[2022-05-06 11:31:25,495] {taskinstance.py:1238} INFO - 
--------------------------------------------------------------------------------
[2022-05-06 11:31:25,495] {taskinstance.py:1239} INFO - Starting attempt 1 of 1
[2022-05-06 11:31:25,496] {taskinstance.py:1240} INFO - 
--------------------------------------------------------------------------------
[2022-05-06 11:31:25,520] {taskinstance.py:1259} INFO - Executing <Task(BashOperator): task_1> on 2022-05-01 00:00:00+00:00
[2022-05-06 11:31:25,523] {standard_task_runner.py:52} INFO - Started process 1468042 to run task
[2022-05-06 11:31:25,530] {standard_task_runner.py:76} INFO - Running: ['airflow', 'tasks', 'run', 'parallel_dag', 'task_1', 'scheduled__2022-05-01T00:00:00+00:00', '--job-id', '5', '--raw', '--subdir', '/home/sanjeev/Documents/SubDAGs/dags/paralle_processing.py', '--cfg-path', '/tmp/tmpg_ho1tyb', '--error-file', '/tmp/tmp1jh2p5s_']
[2022-05-06 11:31:25,532] {standard_task_runner.py:77} INFO - Job 5: Subtask task_1
[2022-05-06 11:31:25,702] {logging_mixin.py:109} INFO - Running <TaskInstance: parallel_dag.task_1 scheduled__2022-05-01T00:00:00+00:00 [running]> on host kumar
[2022-05-06 11:31:25,861] {taskinstance.py:1424} INFO - Exporting the following env vars:
AIRFLOW_CTX_DAG_OWNER=airflow
AIRFLOW_CTX_DAG_ID=parallel_dag
AIRFLOW_CTX_TASK_ID=task_1
AIRFLOW_CTX_EXECUTION_DATE=2022-05-01T00:00:00+00:00
AIRFLOW_CTX_DAG_RUN_ID=scheduled__2022-05-01T00:00:00+00:00
[2022-05-06 11:31:25,862] {subprocess.py:62} INFO - Tmp dir root location: 
 /tmp
[2022-05-06 11:31:25,862] {subprocess.py:74} INFO - Running command: ['bash', '-c', 'sleep 4']
[2022-05-06 11:31:25,868] {subprocess.py:85} INFO - Output:
[2022-05-06 11:31:29,871] {subprocess.py:93} INFO - Command exited with return code 0
[2022-05-06 11:31:30,197] {taskinstance.py:1267} INFO - Marking task as SUCCESS. dag_id=parallel_dag, task_id=task_1, execution_date=20220501T000000, start_date=20220506T060125, end_date=20220506T060130
[2022-05-06 11:31:30,271] {local_task_job.py:154} INFO - Task exited with return code 0
[2022-05-06 11:31:30,544] {local_task_job.py:264} INFO - 0 downstream tasks scheduled from follow-on schedule check
