[2022-05-06 11:16:37,359] {taskinstance.py:1032} INFO - Dependencies all met for <TaskInstance: parallel_dag.task_2 scheduled__2022-05-05T00:00:00+00:00 [queued]>
[2022-05-06 11:16:37,363] {taskinstance.py:1032} INFO - Dependencies all met for <TaskInstance: parallel_dag.task_2 scheduled__2022-05-05T00:00:00+00:00 [queued]>
[2022-05-06 11:16:37,364] {taskinstance.py:1238} INFO - 
--------------------------------------------------------------------------------
[2022-05-06 11:16:37,364] {taskinstance.py:1239} INFO - Starting attempt 1 of 1
[2022-05-06 11:16:37,364] {taskinstance.py:1240} INFO - 
--------------------------------------------------------------------------------
[2022-05-06 11:16:37,371] {taskinstance.py:1259} INFO - Executing <Task(BashOperator): task_2> on 2022-05-05 00:00:00+00:00
[2022-05-06 11:16:37,373] {standard_task_runner.py:52} INFO - Started process 1464940 to run task
[2022-05-06 11:16:37,375] {standard_task_runner.py:76} INFO - Running: ['airflow', 'tasks', 'run', 'parallel_dag', 'task_2', 'scheduled__2022-05-05T00:00:00+00:00', '--job-id', '37', '--raw', '--subdir', '/home/sanjeev/Documents/SubDAGs/dags/paralle_processing.py', '--cfg-path', '/tmp/tmpigr8tpzs', '--error-file', '/tmp/tmpsx_s2pgw']
[2022-05-06 11:16:37,375] {standard_task_runner.py:77} INFO - Job 37: Subtask task_2
[2022-05-06 11:16:37,436] {logging_mixin.py:109} INFO - Running <TaskInstance: parallel_dag.task_2 scheduled__2022-05-05T00:00:00+00:00 [running]> on host kumar
[2022-05-06 11:16:37,465] {taskinstance.py:1424} INFO - Exporting the following env vars:
AIRFLOW_CTX_DAG_OWNER=airflow
AIRFLOW_CTX_DAG_ID=parallel_dag
AIRFLOW_CTX_TASK_ID=task_2
AIRFLOW_CTX_EXECUTION_DATE=2022-05-05T00:00:00+00:00
AIRFLOW_CTX_DAG_RUN_ID=scheduled__2022-05-05T00:00:00+00:00
[2022-05-06 11:16:37,465] {subprocess.py:62} INFO - Tmp dir root location: 
 /tmp
[2022-05-06 11:16:37,466] {subprocess.py:74} INFO - Running command: ['bash', '-c', 'sleep 4']
[2022-05-06 11:16:37,469] {subprocess.py:85} INFO - Output:
[2022-05-06 11:16:41,470] {subprocess.py:93} INFO - Command exited with return code 0
[2022-05-06 11:16:41,482] {taskinstance.py:1267} INFO - Marking task as SUCCESS. dag_id=parallel_dag, task_id=task_2, execution_date=20220505T000000, start_date=20220506T054637, end_date=20220506T054641
[2022-05-06 11:16:41,523] {local_task_job.py:154} INFO - Task exited with return code 0
[2022-05-06 11:16:41,544] {local_task_job.py:264} INFO - 1 downstream tasks scheduled from follow-on schedule check
[2022-05-06 11:31:31,960] {taskinstance.py:1032} INFO - Dependencies all met for <TaskInstance: parallel_dag.task_2 scheduled__2022-05-05T00:00:00+00:00 [queued]>
[2022-05-06 11:31:31,972] {taskinstance.py:1032} INFO - Dependencies all met for <TaskInstance: parallel_dag.task_2 scheduled__2022-05-05T00:00:00+00:00 [queued]>
[2022-05-06 11:31:31,972] {taskinstance.py:1238} INFO - 
--------------------------------------------------------------------------------
[2022-05-06 11:31:31,972] {taskinstance.py:1239} INFO - Starting attempt 1 of 1
[2022-05-06 11:31:31,972] {taskinstance.py:1240} INFO - 
--------------------------------------------------------------------------------
[2022-05-06 11:31:31,992] {taskinstance.py:1259} INFO - Executing <Task(BashOperator): task_2> on 2022-05-05 00:00:00+00:00
[2022-05-06 11:31:31,999] {standard_task_runner.py:52} INFO - Started process 1468692 to run task
[2022-05-06 11:31:32,002] {standard_task_runner.py:76} INFO - Running: ['airflow', 'tasks', 'run', 'parallel_dag', 'task_2', 'scheduled__2022-05-05T00:00:00+00:00', '--job-id', '24', '--raw', '--subdir', '/home/sanjeev/Documents/SubDAGs/dags/paralle_processing.py', '--cfg-path', '/tmp/tmpwt0sbqc7', '--error-file', '/tmp/tmpf88r87bm']
[2022-05-06 11:31:32,003] {standard_task_runner.py:77} INFO - Job 24: Subtask task_2
[2022-05-06 11:31:32,086] {logging_mixin.py:109} INFO - Running <TaskInstance: parallel_dag.task_2 scheduled__2022-05-05T00:00:00+00:00 [running]> on host kumar
[2022-05-06 11:31:32,162] {taskinstance.py:1424} INFO - Exporting the following env vars:
AIRFLOW_CTX_DAG_OWNER=airflow
AIRFLOW_CTX_DAG_ID=parallel_dag
AIRFLOW_CTX_TASK_ID=task_2
AIRFLOW_CTX_EXECUTION_DATE=2022-05-05T00:00:00+00:00
AIRFLOW_CTX_DAG_RUN_ID=scheduled__2022-05-05T00:00:00+00:00
[2022-05-06 11:31:32,163] {subprocess.py:62} INFO - Tmp dir root location: 
 /tmp
[2022-05-06 11:31:32,163] {subprocess.py:74} INFO - Running command: ['bash', '-c', 'sleep 4']
[2022-05-06 11:31:32,168] {subprocess.py:85} INFO - Output:
[2022-05-06 11:31:36,169] {subprocess.py:93} INFO - Command exited with return code 0
[2022-05-06 11:31:36,265] {taskinstance.py:1267} INFO - Marking task as SUCCESS. dag_id=parallel_dag, task_id=task_2, execution_date=20220505T000000, start_date=20220506T060131, end_date=20220506T060136
[2022-05-06 11:31:36,335] {local_task_job.py:154} INFO - Task exited with return code 0
[2022-05-06 11:31:36,396] {local_task_job.py:264} INFO - 0 downstream tasks scheduled from follow-on schedule check
