[2022-05-06 11:17:05,515] {taskinstance.py:1032} INFO - Dependencies all met for <TaskInstance: parallel_dag.task_4 scheduled__2022-05-05T00:00:00+00:00 [queued]>
[2022-05-06 11:17:05,519] {taskinstance.py:1032} INFO - Dependencies all met for <TaskInstance: parallel_dag.task_4 scheduled__2022-05-05T00:00:00+00:00 [queued]>
[2022-05-06 11:17:05,519] {taskinstance.py:1238} INFO - 
--------------------------------------------------------------------------------
[2022-05-06 11:17:05,519] {taskinstance.py:1239} INFO - Starting attempt 1 of 1
[2022-05-06 11:17:05,519] {taskinstance.py:1240} INFO - 
--------------------------------------------------------------------------------
[2022-05-06 11:17:05,526] {taskinstance.py:1259} INFO - Executing <Task(BashOperator): task_4> on 2022-05-05 00:00:00+00:00
[2022-05-06 11:17:05,527] {standard_task_runner.py:52} INFO - Started process 1464999 to run task
[2022-05-06 11:17:05,529] {standard_task_runner.py:76} INFO - Running: ['airflow', 'tasks', 'run', 'parallel_dag', 'task_4', 'scheduled__2022-05-05T00:00:00+00:00', '--job-id', '42', '--raw', '--subdir', '/home/sanjeev/Documents/SubDAGs/dags/paralle_processing.py', '--cfg-path', '/tmp/tmp4kmgsgf8', '--error-file', '/tmp/tmpv5pu7is6']
[2022-05-06 11:17:05,529] {standard_task_runner.py:77} INFO - Job 42: Subtask task_4
[2022-05-06 11:17:05,558] {logging_mixin.py:109} INFO - Running <TaskInstance: parallel_dag.task_4 scheduled__2022-05-05T00:00:00+00:00 [running]> on host kumar
[2022-05-06 11:17:05,595] {taskinstance.py:1424} INFO - Exporting the following env vars:
AIRFLOW_CTX_DAG_OWNER=airflow
AIRFLOW_CTX_DAG_ID=parallel_dag
AIRFLOW_CTX_TASK_ID=task_4
AIRFLOW_CTX_EXECUTION_DATE=2022-05-05T00:00:00+00:00
AIRFLOW_CTX_DAG_RUN_ID=scheduled__2022-05-05T00:00:00+00:00
[2022-05-06 11:17:05,596] {subprocess.py:62} INFO - Tmp dir root location: 
 /tmp
[2022-05-06 11:17:05,596] {subprocess.py:74} INFO - Running command: ['bash', '-c', 'sleep 4']
[2022-05-06 11:17:05,599] {subprocess.py:85} INFO - Output:
[2022-05-06 11:17:09,600] {subprocess.py:93} INFO - Command exited with return code 0
[2022-05-06 11:17:09,639] {taskinstance.py:1267} INFO - Marking task as SUCCESS. dag_id=parallel_dag, task_id=task_4, execution_date=20220505T000000, start_date=20220506T054705, end_date=20220506T054709
[2022-05-06 11:17:09,678] {local_task_job.py:154} INFO - Task exited with return code 0
[2022-05-06 11:17:09,691] {local_task_job.py:264} INFO - 0 downstream tasks scheduled from follow-on schedule check
[2022-05-06 11:31:37,880] {taskinstance.py:1032} INFO - Dependencies all met for <TaskInstance: parallel_dag.task_4 scheduled__2022-05-05T00:00:00+00:00 [queued]>
[2022-05-06 11:31:37,915] {taskinstance.py:1032} INFO - Dependencies all met for <TaskInstance: parallel_dag.task_4 scheduled__2022-05-05T00:00:00+00:00 [queued]>
[2022-05-06 11:31:37,915] {taskinstance.py:1238} INFO - 
--------------------------------------------------------------------------------
[2022-05-06 11:31:37,915] {taskinstance.py:1239} INFO - Starting attempt 1 of 1
[2022-05-06 11:31:37,915] {taskinstance.py:1240} INFO - 
--------------------------------------------------------------------------------
[2022-05-06 11:31:37,934] {taskinstance.py:1259} INFO - Executing <Task(BashOperator): task_4> on 2022-05-05 00:00:00+00:00
[2022-05-06 11:31:37,938] {standard_task_runner.py:52} INFO - Started process 1469350 to run task
[2022-05-06 11:31:37,941] {standard_task_runner.py:76} INFO - Running: ['airflow', 'tasks', 'run', 'parallel_dag', 'task_4', 'scheduled__2022-05-05T00:00:00+00:00', '--job-id', '33', '--raw', '--subdir', '/home/sanjeev/Documents/SubDAGs/dags/paralle_processing.py', '--cfg-path', '/tmp/tmpv0buk8y8', '--error-file', '/tmp/tmpkal7_kjh']
[2022-05-06 11:31:37,942] {standard_task_runner.py:77} INFO - Job 33: Subtask task_4
[2022-05-06 11:31:38,051] {logging_mixin.py:109} INFO - Running <TaskInstance: parallel_dag.task_4 scheduled__2022-05-05T00:00:00+00:00 [running]> on host kumar
[2022-05-06 11:31:38,171] {taskinstance.py:1424} INFO - Exporting the following env vars:
AIRFLOW_CTX_DAG_OWNER=airflow
AIRFLOW_CTX_DAG_ID=parallel_dag
AIRFLOW_CTX_TASK_ID=task_4
AIRFLOW_CTX_EXECUTION_DATE=2022-05-05T00:00:00+00:00
AIRFLOW_CTX_DAG_RUN_ID=scheduled__2022-05-05T00:00:00+00:00
[2022-05-06 11:31:38,173] {subprocess.py:62} INFO - Tmp dir root location: 
 /tmp
[2022-05-06 11:31:38,175] {subprocess.py:74} INFO - Running command: ['bash', '-c', 'sleep 4']
[2022-05-06 11:31:38,184] {subprocess.py:85} INFO - Output:
[2022-05-06 11:31:42,185] {subprocess.py:93} INFO - Command exited with return code 0
[2022-05-06 11:31:42,263] {taskinstance.py:1267} INFO - Marking task as SUCCESS. dag_id=parallel_dag, task_id=task_4, execution_date=20220505T000000, start_date=20220506T060137, end_date=20220506T060142
[2022-05-06 11:31:42,291] {local_task_job.py:154} INFO - Task exited with return code 0
[2022-05-06 11:31:42,338] {local_task_job.py:264} INFO - 0 downstream tasks scheduled from follow-on schedule check
